This is LuaHBTeX, Version 1.18.0 (TeX Live 2024)  (format=lualatex 2025.2.17)  8 OCT 2025 23:56
 restricted system commands enabled.
 file:line:error style messages enabled.
**"c:/Users/izzyo/OneDrive/Desktop/college-math-notes/Math Journal.tex"
("c:/Users/izzyo/OneDrive/Desktop/college-math-notes/Math Journal.tex"
LaTeX2e <2024-11-01> patch level 2
L3 programming layer <2025-01-18>
Lua module: luaotfload 2024-02-14 v3.28 Lua based OpenType font support
Lua module: lualibs 2023-07-13 v2.76 ConTeXt Lua standard libraries.
Lua module: lualibs-extended 2023-07-13 v2.76 ConTeXt Lua libraries -- extended collection.
luaotfload | conf : Root cache directory is "C:/Users/izzyo/AppData/Local/TinyTeX/texmf-var/luatex-cache/generic/names".
luaotfload | init : Loading fontloader "fontloader-2023-12-28.lua" from kpse-resolved path "c:/Users/izzyo/AppData/Local/TinyTeX/texmf-dist/tex/luatex/luaotfload/fontloader-2023-12-28.lua".
Lua-only attribute luaotfload@noligature = 1
luaotfload | init : Context OpenType loader version 3.134
Inserting `luaotfload.node_processor' in `pre_linebreak_filter'.
Inserting `luaotfload.node_processor' in `hpack_filter'.
Inserting `luaotfload.glyph_stream' in `glyph_stream_provider'.
Inserting `luaotfload.define_font' in `define_font'.
Lua-only attribute luaotfload_color_attribute = 2
luaotfload | conf : Root cache directory is "C:/Users/izzyo/AppData/Local/TinyTeX/texmf-var/luatex-cache/generic/names".
Inserting `luaotfload.harf.strip_prefix' in `find_opentype_file'.
Inserting `luaotfload.harf.strip_prefix' in `find_truetype_file'.
Removing  `luaotfload.glyph_stream' from `glyph_stream_provider'.
Inserting `luaotfload.harf.glyphstream' in `glyph_stream_provider'.
Inserting `luaotfload.harf.finalize_vlist' in `post_linebreak_filter'.
Inserting `luaotfload.harf.finalize_hlist' in `hpack_filter'.
Inserting `luaotfload.cleanup_files' in `wrapup_run'.
Inserting `luaotfload.harf.finalize_unicode' in `finish_pdffile'.
Inserting `luaotfload.glyphinfo' in `glyph_info'.
Lua-only attribute luaotfload.letterspace_done = 3
Inserting `luaotfload.aux.set_sscale_dimens' in `luaotfload.patch_font'.
Inserting `luaotfload.aux.set_font_index' in `luaotfload.patch_font'.
Inserting `luaotfload.aux.patch_cambria_domh' in `luaotfload.patch_font'.
Inserting `luaotfload.aux.fixup_fontdata' in `luaotfload.patch_font_unsafe'.
Inserting `luaotfload.aux.set_capheight' in `luaotfload.patch_font'.
Inserting `luaotfload.aux.set_xheight' in `luaotfload.patch_font'.
Inserting `luaotfload.rewrite_fontname' in `luaotfload.patch_font'.
Inserting `tracingstacklevels' in `input_level_string'. (c:/Users/izzyo/AppData/Local/TinyTeX/texmf-dist/tex/latex/base/book.cls
Document Class: book 2024/06/29 v1.4n Standard LaTeX document class
(c:/Users/izzyo/AppData/Local/TinyTeX/texmf-dist/tex/latex/base/bk10.clo
File: bk10.clo 2024/06/29 v1.4n Standard LaTeX file (size option)
luaotfload | db : Font names database loaded from C:/Users/izzyo/AppData/Local/TinyTeX/texmf-var/luatex-cache/generic/names/luaotfload-names.luc.gz)
\c@part=\count194
\c@chapter=\count195
\c@section=\count196
\c@subsection=\count197
\c@subsubsection=\count198
\c@paragraph=\count199
\c@subparagraph=\count266
\c@figure=\count267
\c@table=\count268
\abovecaptionskip=\skip49
\belowcaptionskip=\skip50
\bibindent=\dimen140
) (c:/Users/izzyo/AppData/Local/TinyTeX/texmf-dist/tex/latex/fontspec/fontspec.sty (c:/Users/izzyo/AppData/Local/TinyTeX/texmf-dist/tex/latex/l3packages/xparse/xparse.sty (c:/Users/izzyo/AppData/Local/TinyTeX/texmf-dist/tex/latex/l3kernel/expl3.sty
Package: expl3 2025-01-18 L3 programming layer (loader) 
 (c:/Users/izzyo/AppData/Local/TinyTeX/texmf-dist/tex/latex/l3backend/l3backend-luatex.def
File: l3backend-luatex.def 2024-05-08 L3 backend support: PDF output (LuaTeX)
\l__color_backend_stack_int=\count269
Inserting `l3color' in `luaotfload.parse_color'.
\l__pdf_internal_box=\box52
))
Package: xparse 2024-08-16 L3 Experimental document command parser
)
Package: fontspec 2024/05/11 v2.9e Font selection for XeLaTeX and LuaLaTeX
Lua module: fontspec 2024/05/11 v2.9e Font selection for XeLaTeX and LuaLaTeX (c:/Users/izzyo/AppData/Local/TinyTeX/texmf-dist/tex/latex/fontspec/fontspec-luatex.sty
Package: fontspec-luatex 2024/05/11 v2.9e Font selection for XeLaTeX and LuaLaTeX
\l__fontspec_script_int=\count270
\l__fontspec_language_int=\count271
\l__fontspec_strnum_int=\count272
\l__fontspec_tmp_int=\count273
\l__fontspec_tmpa_int=\count274
\l__fontspec_tmpb_int=\count275
\l__fontspec_tmpc_int=\count276
\l__fontspec_em_int=\count277
\l__fontspec_emdef_int=\count278
\l__fontspec_strong_int=\count279
\l__fontspec_strongdef_int=\count280
\l__fontspec_tmpa_dim=\dimen141
\l__fontspec_tmpb_dim=\dimen142
\l__fontspec_tmpc_dim=\dimen143
 (c:/Users/izzyo/AppData/Local/TinyTeX/texmf-dist/tex/latex/base/fontenc.sty
Package: fontenc 2021/04/29 v2.0v Standard LaTeX package
) (c:/Users/izzyo/AppData/Local/TinyTeX/texmf-dist/tex/latex/fontspec/fontspec.cfg))) (c:/Users/izzyo/AppData/Local/TinyTeX/texmf-dist/tex/latex/anyfontsize/anyfontsize.sty
Package: anyfontsize 2007/11/22 anyfontsize.sty by pts
) (c:/Users/izzyo/AppData/Local/TinyTeX/texmf-dist/tex/latex/tools/calc.sty
Package: calc 2023/07/08 v4.3 Infix arithmetic (KKT,FJ)
\calc@Acount=\count281
\calc@Bcount=\count282
\calc@Adimen=\dimen144
\calc@Bdimen=\dimen145
\calc@Askip=\skip51
\calc@Bskip=\skip52
LaTeX Info: Redefining \setlength on input line 80.
LaTeX Info: Redefining \addtolength on input line 81.
\calc@Ccount=\count283
\calc@Cskip=\skip53
) (c:/Users/izzyo/AppData/Local/TinyTeX/texmf-dist/tex/latex/xcolor/xcolor.sty
Package: xcolor 2024/09/29 v3.02 LaTeX color extensions (UK)
 (c:/Users/izzyo/AppData/Local/TinyTeX/texmf-dist/tex/latex/graphics-cfg/color.cfg
File: color.cfg 2016/01/02 v1.6 sample color configuration
)
Package xcolor Info: Driver file: luatex.def on input line 274.
 (c:/Users/izzyo/AppData/Local/TinyTeX/texmf-dist/tex/latex/graphics-def/luatex.def
File: luatex.def 2024/04/13 v1.2e Graphics/color driver for luatex
) (c:/Users/izzyo/AppData/Local/TinyTeX/texmf-dist/tex/latex/graphics/mathcolor.ltx)
Package xcolor Info: Model `cmy' substituted by `cmy0' on input line 1349.
Package xcolor Info: Model `hsb' substituted by `rgb' on input line 1353.
Package xcolor Info: Model `RGB' extended on input line 1365.
Package xcolor Info: Model `HTML' substituted by `rgb' on input line 1367.
Package xcolor Info: Model `Hsb' substituted by `hsb' on input line 1368.
Package xcolor Info: Model `tHsb' substituted by `hsb' on input line 1369.
Package xcolor Info: Model `HSB' substituted by `hsb' on input line 1370.
Package xcolor Info: Model `Gray' substituted by `gray' on input line 1371.
Package xcolor Info: Model `wave' substituted by `hsb' on input line 1372.
) (c:/Users/izzyo/AppData/Local/TinyTeX/texmf-dist/tex/latex/graphics/dvipsnam.def
File: dvipsnam.def 2016/06/17 v3.0m Driver-dependent file (DPC,SPQR)
) (c:/Users/izzyo/AppData/Local/TinyTeX/texmf-dist/tex/generic/soul/soul.sty
Package: soul 2023-06-14 v3.1 Permit use of UTF-8 characters in soul (HO)
 (c:/Users/izzyo/AppData/Local/TinyTeX/texmf-dist/tex/generic/soul/soul-ori.sty
Package: soul-ori 2023-06-14 v3.1 letterspacing/underlining (mf)
\SOUL@word=\toks17
\SOUL@lasttoken=\toks18
\SOUL@syllable=\toks19
\SOUL@cmds=\toks20
\SOUL@buffer=\toks21
\SOUL@token=\toks22
\SOUL@syllgoal=\dimen146
\SOUL@syllwidth=\dimen147
\SOUL@charkern=\dimen148
\SOUL@hyphkern=\dimen149
\SOUL@dimen=\dimen150
\SOUL@dimeni=\dimen151
\SOUL@minus=\count284
\SOUL@comma=\count285
\SOUL@apo=\count286
\SOUL@grave=\count287
\SOUL@spaceskip=\skip54
\SOUL@ttwidth=\dimen152
\SOUL@uldp=\dimen153
\SOUL@ulht=\dimen154
) (c:/Users/izzyo/AppData/Local/TinyTeX/texmf-dist/tex/generic/infwarerr/infwarerr.sty
Package: infwarerr 2019/12/03 v1.5 Providing info/warning/error messages (HO)
) (c:/Users/izzyo/AppData/Local/TinyTeX/texmf-dist/tex/generic/etexcmds/etexcmds.sty
Package: etexcmds 2019/12/15 v1.7 Avoid name clashes with e-TeX commands (HO)
 (c:/Users/izzyo/AppData/Local/TinyTeX/texmf-dist/tex/generic/iftex/iftex.sty
Package: iftex 2024/12/12 v1.0g TeX engine tests
))) (c:/Users/izzyo/AppData/Local/TinyTeX/texmf-dist/tex/latex/geometry/geometry.sty
Package: geometry 2020/01/02 v5.9 Page Geometry
 (c:/Users/izzyo/AppData/Local/TinyTeX/texmf-dist/tex/latex/graphics/keyval.sty
Package: keyval 2022/05/29 v1.15 key=value parser (DPC)
\KV@toks@=\toks23
) (c:/Users/izzyo/AppData/Local/TinyTeX/texmf-dist/tex/generic/iftex/ifvtex.sty
Package: ifvtex 2019/10/25 v1.7 ifvtex legacy package. Use iftex instead.
)
\Gm@cnth=\count288
\Gm@cntv=\count289
\c@Gm@tempcnt=\count290
\Gm@bindingoffset=\dimen155
\Gm@wd@mp=\dimen156
\Gm@odd@mp=\dimen157
\Gm@even@mp=\dimen158
\Gm@layoutwidth=\dimen159
\Gm@layoutheight=\dimen160
\Gm@layouthoffset=\dimen161
\Gm@layoutvoffset=\dimen162
\Gm@dimlist=\toks24
) (c:/Users/izzyo/AppData/Local/TinyTeX/texmf-dist/tex/latex/changepage/changepage.sty
Package: changepage 2009/10/20 v1.0c check page and change page layout
\c@cp@cntr=\count291
\cp@tempcnt=\count292
) (c:/Users/izzyo/AppData/Local/TinyTeX/texmf-dist/tex/latex/mathtools/mathtools.sty
Package: mathtools 2024/10/04 v1.31 mathematical typesetting tools
 (c:/Users/izzyo/AppData/Local/TinyTeX/texmf-dist/tex/latex/mathtools/mhsetup.sty
Package: mhsetup 2021/03/18 v1.4 programming setup (MH)
) (c:/Users/izzyo/AppData/Local/TinyTeX/texmf-dist/tex/latex/amsmath/amsmath.sty
Package: amsmath 2024/11/05 v2.17t AMS math features
\@mathmargin=\skip55

For additional information on amsmath, use the `?' option.
(c:/Users/izzyo/AppData/Local/TinyTeX/texmf-dist/tex/latex/amsmath/amstext.sty
Package: amstext 2021/08/26 v2.01 AMS text
 (c:/Users/izzyo/AppData/Local/TinyTeX/texmf-dist/tex/latex/amsmath/amsgen.sty
File: amsgen.sty 1999/11/30 v2.0 generic functions
\@emptytoks=\toks25
\ex@=\dimen163
)) (c:/Users/izzyo/AppData/Local/TinyTeX/texmf-dist/tex/latex/amsmath/amsbsy.sty
Package: amsbsy 1999/11/29 v1.2d Bold Symbols
\pmbraise@=\dimen164
) (c:/Users/izzyo/AppData/Local/TinyTeX/texmf-dist/tex/latex/amsmath/amsopn.sty
Package: amsopn 2022/04/08 v2.04 operator names
)
\inf@bad=\count293
LaTeX Info: Redefining \frac on input line 235.
\uproot@=\count294
\leftroot@=\count295
LaTeX Info: Redefining \overline on input line 398.
LaTeX Info: Redefining \colon on input line 409.
\classnum@=\count296
\DOTSCASE@=\count297
LaTeX Info: Redefining \ldots on input line 495.
LaTeX Info: Redefining \dots on input line 498.
LaTeX Info: Redefining \cdots on input line 619.
\Mathstrutbox@=\box53
\strutbox@=\box54
LaTeX Info: Redefining \big on input line 721.
LaTeX Info: Redefining \Big on input line 722.
LaTeX Info: Redefining \bigg on input line 723.
LaTeX Info: Redefining \Bigg on input line 724.
\big@size=\dimen165
LaTeX Font Info:    Redeclaring font encoding OML on input line 742.
LaTeX Font Info:    Redeclaring font encoding OMS on input line 743.
\macc@depth=\count298
LaTeX Info: Redefining \bmod on input line 904.
LaTeX Info: Redefining \pmod on input line 909.
LaTeX Info: Redefining \smash on input line 939.
LaTeX Info: Redefining \relbar on input line 969.
LaTeX Info: Redefining \Relbar on input line 970.
\c@MaxMatrixCols=\count299
\dotsspace@=\muskip17
\c@parentequation=\count300
\dspbrk@lvl=\count301
\tag@help=\toks26
\row@=\count302
\column@=\count303
\maxfields@=\count304
\andhelp@=\toks27
\eqnshift@=\dimen166
\alignsep@=\dimen167
\tagshift@=\dimen168
\tagwidth@=\dimen169
\totwidth@=\dimen170
\lineht@=\dimen171
\@envbody=\toks28
\multlinegap=\skip56
\multlinetaggap=\skip57
\mathdisplay@stack=\toks29
LaTeX Info: Redefining \[ on input line 2953.
LaTeX Info: Redefining \] on input line 2954.
)
\g_MT_multlinerow_int=\count305
\l_MT_multwidth_dim=\dimen172
\origjot=\skip58
\l_MT_shortvdotswithinadjustabove_dim=\dimen173
\l_MT_shortvdotswithinadjustbelow_dim=\dimen174
\l_MT_above_intertext_sep=\dimen175
\l_MT_below_intertext_sep=\dimen176
\l_MT_above_shortintertext_sep=\dimen177
\l_MT_below_shortintertext_sep=\dimen178
\xmathstrut@box=\box55
\xmathstrut@dim=\dimen179
) (c:/Users/izzyo/AppData/Local/TinyTeX/texmf-dist/tex/latex/amsfonts/amsfonts.sty
Package: amsfonts 2013/01/14 v3.01 Basic AMSFonts support
\symAMSa=\mathgroup4
\symAMSb=\mathgroup5
LaTeX Font Info:    Redeclaring math symbol \hbar on input line 98.
LaTeX Font Info:    Overwriting math alphabet `\mathfrak' in version `bold'
(Font)                  U/euf/m/n --> U/euf/b/n on input line 106.
) (c:/Users/izzyo/AppData/Local/TinyTeX/texmf-dist/tex/latex/tools/bm.sty
Package: bm 2023/12/19 v1.2f Bold Symbol Support (DPC/FMi)
\symboldoperators=\mathgroup6
\symboldletters=\mathgroup7
\symboldsymbols=\mathgroup8
Package bm Info: No bold for \OMX/cmex/m/n, using \pmb.
Package bm Info: No bold for \U/msa/m/n, using \pmb.
Package bm Info: No bold for \U/msb/m/n, using \pmb.
LaTeX Font Info:    Redeclaring math alphabet \mathbf on input line 149.
) (c:/Users/izzyo/AppData/Local/TinyTeX/texmf-dist/tex/latex/mathalpha/mathalpha.sty
Package: mathalpha 2025/01/17 - 1.145mathalpha (License LPPL) Michael Sharpe
 `mathalpha' v1.145, 2025/01/17, a renaming of mathalfa (msharpe) (c:/Users/izzyo/AppData/Local/TinyTeX/texmf-dist/tex/latex/xkeyval/xkeyval.sty
Package: xkeyval 2022/06/16 v2.9 package option processing (HA)
 (c:/Users/izzyo/AppData/Local/TinyTeX/texmf-dist/tex/generic/xkeyval/xkeyval.tex (c:/Users/izzyo/AppData/Local/TinyTeX/texmf-dist/tex/generic/xkeyval/xkvutils.tex
\XKV@toks=\toks30
\XKV@tempa@toks=\toks31
)
\XKV@depth=\count306
File: xkeyval.tex 2014/12/03 v2.7a key=value parser (HA)
))) (c:/Users/izzyo/AppData/Local/TinyTeX/texmf-dist/tex/latex/amsfonts/amssymb.sty
Package: amssymb 2013/01/14 v3.01 AMS font symbols
) (c:/Users/izzyo/AppData/Local/TinyTeX/texmf-dist/tex/latex/xfrac/xfrac.sty (c:/Users/izzyo/AppData/Local/TinyTeX/texmf-dist/tex/latex/graphics/graphicx.sty
Package: graphicx 2021/09/16 v1.2d Enhanced LaTeX Graphics (DPC,SPQR)
 (c:/Users/izzyo/AppData/Local/TinyTeX/texmf-dist/tex/latex/graphics/graphics.sty
Package: graphics 2024/08/06 v1.4g Standard LaTeX Graphics (DPC,SPQR)
 (c:/Users/izzyo/AppData/Local/TinyTeX/texmf-dist/tex/latex/graphics/trig.sty
Package: trig 2023/12/02 v1.11 sin cos tan (DPC)
) (c:/Users/izzyo/AppData/Local/TinyTeX/texmf-dist/tex/latex/graphics-cfg/graphics.cfg
File: graphics.cfg 2016/06/04 v1.11 sample graphics configuration
)
Package graphics Info: Driver file: luatex.def on input line 106.
)
\Gin@req@height=\dimen180
\Gin@req@width=\dimen181
)
Package: xfrac 2024-06-04 Split-level fractions
\l__xfrac_slash_box=\box56
\l__xfrac_tmp_box=\box57
\l__xfrac_denominator_bot_sep_dim=\dimen182
\l__xfrac_numerator_bot_sep_dim=\dimen183
\l__xfrac_numerator_top_sep_dim=\dimen184
\l__xfrac_slash_left_sep_dim=\dimen185
\l__xfrac_slash_right_sep_dim=\dimen186
\l__xfrac_slash_left_muskip=\muskip18
\l__xfrac_slash_right_muskip=\muskip19

LaTeX template Info: Declaring template type 'xfrac' taking 3 argument(s) on
(template)           line 100.


LaTeX template Info: Declaring instance 'cmr' of type xfrac on line 392.


LaTeX template Info: Declaring instance 'cmss' of type xfrac on line 392.


LaTeX template Info: Declaring instance 'cmtt' of type xfrac on line 392.

) (c:/Users/izzyo/AppData/Local/TinyTeX/texmf-dist/tex/latex/overarrows/overarrows.sty
Package: overarrows 2025/02/02 v1.3 Custom extensible arrows over math expressions
 (c:/Users/izzyo/AppData/Local/TinyTeX/texmf-dist/tex/latex/etoolbox/etoolbox.sty
Package: etoolbox 2025/02/11 v2.5l e-TeX tools for LaTeX (JAW)
\etb@tempcnta=\count307
) (c:/Users/izzyo/AppData/Local/TinyTeX/texmf-dist/tex/latex/esvect/esvect.sty
Package: esvect 
\symesvector=\mathgroup9
LaTeX Font Info:    Redeclaring math symbol \fldr on input line 38.
) (c:/Users/izzyo/AppData/Local/TinyTeX/texmf-dist/tex/latex/pgf/utilities/pgfkeys.sty (c:/Users/izzyo/AppData/Local/TinyTeX/texmf-dist/tex/generic/pgf/utilities/pgfkeys.code.tex
\pgfkeys@pathtoks=\toks32
\pgfkeys@temptoks=\toks33
 (c:/Users/izzyo/AppData/Local/TinyTeX/texmf-dist/tex/generic/pgf/utilities/pgfkeyslibraryfiltered.code.tex
\pgfkeys@tmptoks=\toks34
)))
\overarrowlength=\skip59
\overarrowthickness=\skip60
\overarrowsmallerthickness=\skip61
\ovar@tempdim=\skip62
\ovar@tempbox=\box58
) (c:/Users/izzyo/AppData/Local/TinyTeX/texmf-dist/tex/latex/relsize/relsize.sty
Package: relsize 2013/03/29 ver 4.1
) (c:/Users/izzyo/AppData/Local/TinyTeX/texmf-dist/tex/latex/arydshln/arydshln.sty
Package: arydshln 2019/02/21 v1.76 
\dashlinedash=\dimen187
\dashlinegap=\dimen188
\adl@box=\box59
\adl@height=\dimen189
\adl@heightsave=\dimen190
\adl@depth=\dimen191
\adl@depthsave=\dimen192
\adl@finaldepth=\dimen193
\adl@columns=\count308
\adl@ncol=\count309
\adl@currentcolumn=\count310
\adl@currentcolumnsave=\count311
\adl@totalheight=\count312
\adl@totalheightsave=\count313
\adl@dash=\count314
\adl@gap=\count315
\adl@cla=\count316
\adl@clb=\count317
\adl@everyvbox=\toks35
\adl@LTpagetotal=\dimen194
) (c:/Users/izzyo/AppData/Local/TinyTeX/texmf-dist/tex/latex/pgf/frontendlayer/tikz.sty (c:/Users/izzyo/AppData/Local/TinyTeX/texmf-dist/tex/latex/pgf/basiclayer/pgf.sty (c:/Users/izzyo/AppData/Local/TinyTeX/texmf-dist/tex/latex/pgf/utilities/pgfrcs.sty (c:/Users/izzyo/AppData/Local/TinyTeX/texmf-dist/tex/generic/pgf/utilities/pgfutil-common.tex
\pgfutil@everybye=\toks36
\pgfutil@tempdima=\dimen195
\pgfutil@tempdimb=\dimen196
) (c:/Users/izzyo/AppData/Local/TinyTeX/texmf-dist/tex/generic/pgf/utilities/pgfutil-latex.def
\pgfutil@abb=\box60
) (c:/Users/izzyo/AppData/Local/TinyTeX/texmf-dist/tex/generic/pgf/utilities/pgfrcs.code.tex (c:/Users/izzyo/AppData/Local/TinyTeX/texmf-dist/tex/generic/pgf/pgf.revision.tex)
Package: pgfrcs 2023-01-15 v3.1.10 (3.1.10)
))
Package: pgf 2023-01-15 v3.1.10 (3.1.10)
 (c:/Users/izzyo/AppData/Local/TinyTeX/texmf-dist/tex/latex/pgf/basiclayer/pgfcore.sty (c:/Users/izzyo/AppData/Local/TinyTeX/texmf-dist/tex/latex/pgf/systemlayer/pgfsys.sty (c:/Users/izzyo/AppData/Local/TinyTeX/texmf-dist/tex/generic/pgf/systemlayer/pgfsys.code.tex
Package: pgfsys 2023-01-15 v3.1.10 (3.1.10)
\pgf@x=\dimen197
\pgf@y=\dimen198
\pgf@xa=\dimen199
\pgf@ya=\dimen256
\pgf@xb=\dimen257
\pgf@yb=\dimen258
\pgf@xc=\dimen259
\pgf@yc=\dimen260
\pgf@xd=\dimen261
\pgf@yd=\dimen262
\w@pgf@writea=\write3
\r@pgf@reada=\read2
\c@pgf@counta=\count318
\c@pgf@countb=\count319
\c@pgf@countc=\count320
\c@pgf@countd=\count321
\t@pgf@toka=\toks37
\t@pgf@tokb=\toks38
\t@pgf@tokc=\toks39
\pgf@sys@id@count=\count322
 (c:/Users/izzyo/AppData/Local/TinyTeX/texmf-dist/tex/generic/pgf/systemlayer/pgf.cfg
File: pgf.cfg 2023-01-15 v3.1.10 (3.1.10)
)
Driver file for pgf: pgfsys-luatex.def
 (c:/Users/izzyo/AppData/Local/TinyTeX/texmf-dist/tex/generic/pgf/systemlayer/pgfsys-luatex.def
File: pgfsys-luatex.def 2023-01-15 v3.1.10 (3.1.10)
 (c:/Users/izzyo/AppData/Local/TinyTeX/texmf-dist/tex/generic/pgf/systemlayer/pgfsys-common-pdf.def
File: pgfsys-common-pdf.def 2023-01-15 v3.1.10 (3.1.10)
))) (c:/Users/izzyo/AppData/Local/TinyTeX/texmf-dist/tex/generic/pgf/systemlayer/pgfsyssoftpath.code.tex
File: pgfsyssoftpath.code.tex 2023-01-15 v3.1.10 (3.1.10)
\pgfsyssoftpath@smallbuffer@items=\count323
\pgfsyssoftpath@bigbuffer@items=\count324
) (c:/Users/izzyo/AppData/Local/TinyTeX/texmf-dist/tex/generic/pgf/systemlayer/pgfsysprotocol.code.tex
File: pgfsysprotocol.code.tex 2023-01-15 v3.1.10 (3.1.10)
)) (c:/Users/izzyo/AppData/Local/TinyTeX/texmf-dist/tex/generic/pgf/basiclayer/pgfcore.code.tex
Package: pgfcore 2023-01-15 v3.1.10 (3.1.10)
 (c:/Users/izzyo/AppData/Local/TinyTeX/texmf-dist/tex/generic/pgf/math/pgfmath.code.tex (c:/Users/izzyo/AppData/Local/TinyTeX/texmf-dist/tex/generic/pgf/math/pgfmathutil.code.tex) (c:/Users/izzyo/AppData/Local/TinyTeX/texmf-dist/tex/generic/pgf/math/pgfmathparser.code.tex
\pgfmath@dimen=\dimen263
\pgfmath@count=\count325
\pgfmath@box=\box61
\pgfmath@toks=\toks40
\pgfmath@stack@operand=\toks41
\pgfmath@stack@operation=\toks42
) (c:/Users/izzyo/AppData/Local/TinyTeX/texmf-dist/tex/generic/pgf/math/pgfmathfunctions.code.tex) (c:/Users/izzyo/AppData/Local/TinyTeX/texmf-dist/tex/generic/pgf/math/pgfmathfunctions.basic.code.tex) (c:/Users/izzyo/AppData/Local/TinyTeX/texmf-dist/tex/generic/pgf/math/pgfmathfunctions.trigonometric.code.tex) (c:/Users/izzyo/AppData/Local/TinyTeX/texmf-dist/tex/generic/pgf/math/pgfmathfunctions.random.code.tex) (c:/Users/izzyo/AppData/Local/TinyTeX/texmf-dist/tex/generic/pgf/math/pgfmathfunctions.comparison.code.tex) (c:/Users/izzyo/AppData/Local/TinyTeX/texmf-dist/tex/generic/pgf/math/pgfmathfunctions.base.code.tex) (c:/Users/izzyo/AppData/Local/TinyTeX/texmf-dist/tex/generic/pgf/math/pgfmathfunctions.round.code.tex) (c:/Users/izzyo/AppData/Local/TinyTeX/texmf-dist/tex/generic/pgf/math/pgfmathfunctions.misc.code.tex) (c:/Users/izzyo/AppData/Local/TinyTeX/texmf-dist/tex/generic/pgf/math/pgfmathfunctions.integerarithmetics.code.tex) (c:/Users/izzyo/AppData/Local/TinyTeX/texmf-dist/tex/generic/pgf/math/pgfmathcalc.code.tex) (c:/Users/izzyo/AppData/Local/TinyTeX/texmf-dist/tex/generic/pgf/math/pgfmathfloat.code.tex
\c@pgfmathroundto@lastzeros=\count326
)) (c:/Users/izzyo/AppData/Local/TinyTeX/texmf-dist/tex/generic/pgf/math/pgfint.code.tex) (c:/Users/izzyo/AppData/Local/TinyTeX/texmf-dist/tex/generic/pgf/basiclayer/pgfcorepoints.code.tex
File: pgfcorepoints.code.tex 2023-01-15 v3.1.10 (3.1.10)
\pgf@picminx=\dimen264
\pgf@picmaxx=\dimen265
\pgf@picminy=\dimen266
\pgf@picmaxy=\dimen267
\pgf@pathminx=\dimen268
\pgf@pathmaxx=\dimen269
\pgf@pathminy=\dimen270
\pgf@pathmaxy=\dimen271
\pgf@xx=\dimen272
\pgf@xy=\dimen273
\pgf@yx=\dimen274
\pgf@yy=\dimen275
\pgf@zx=\dimen276
\pgf@zy=\dimen277
) (c:/Users/izzyo/AppData/Local/TinyTeX/texmf-dist/tex/generic/pgf/basiclayer/pgfcorepathconstruct.code.tex
File: pgfcorepathconstruct.code.tex 2023-01-15 v3.1.10 (3.1.10)
\pgf@path@lastx=\dimen278
\pgf@path@lasty=\dimen279
) (c:/Users/izzyo/AppData/Local/TinyTeX/texmf-dist/tex/generic/pgf/basiclayer/pgfcorepathusage.code.tex
File: pgfcorepathusage.code.tex 2023-01-15 v3.1.10 (3.1.10)
\pgf@shorten@end@additional=\dimen280
\pgf@shorten@start@additional=\dimen281
) (c:/Users/izzyo/AppData/Local/TinyTeX/texmf-dist/tex/generic/pgf/basiclayer/pgfcorescopes.code.tex
File: pgfcorescopes.code.tex 2023-01-15 v3.1.10 (3.1.10)
\pgfpic=\box62
\pgf@hbox=\box63
\pgf@layerbox@main=\box64
\pgf@picture@serial@count=\count327
) (c:/Users/izzyo/AppData/Local/TinyTeX/texmf-dist/tex/generic/pgf/basiclayer/pgfcoregraphicstate.code.tex
File: pgfcoregraphicstate.code.tex 2023-01-15 v3.1.10 (3.1.10)
\pgflinewidth=\dimen282
) (c:/Users/izzyo/AppData/Local/TinyTeX/texmf-dist/tex/generic/pgf/basiclayer/pgfcoretransformations.code.tex
File: pgfcoretransformations.code.tex 2023-01-15 v3.1.10 (3.1.10)
\pgf@pt@x=\dimen283
\pgf@pt@y=\dimen284
\pgf@pt@temp=\dimen285
) (c:/Users/izzyo/AppData/Local/TinyTeX/texmf-dist/tex/generic/pgf/basiclayer/pgfcorequick.code.tex
File: pgfcorequick.code.tex 2023-01-15 v3.1.10 (3.1.10)
) (c:/Users/izzyo/AppData/Local/TinyTeX/texmf-dist/tex/generic/pgf/basiclayer/pgfcoreobjects.code.tex
File: pgfcoreobjects.code.tex 2023-01-15 v3.1.10 (3.1.10)
) (c:/Users/izzyo/AppData/Local/TinyTeX/texmf-dist/tex/generic/pgf/basiclayer/pgfcorepathprocessing.code.tex
File: pgfcorepathprocessing.code.tex 2023-01-15 v3.1.10 (3.1.10)
) (c:/Users/izzyo/AppData/Local/TinyTeX/texmf-dist/tex/generic/pgf/basiclayer/pgfcorearrows.code.tex
File: pgfcorearrows.code.tex 2023-01-15 v3.1.10 (3.1.10)
\pgfarrowsep=\dimen286
) (c:/Users/izzyo/AppData/Local/TinyTeX/texmf-dist/tex/generic/pgf/basiclayer/pgfcoreshade.code.tex
File: pgfcoreshade.code.tex 2023-01-15 v3.1.10 (3.1.10)
\pgf@max=\dimen287
\pgf@sys@shading@range@num=\count328
\pgf@shadingcount=\count329
) (c:/Users/izzyo/AppData/Local/TinyTeX/texmf-dist/tex/generic/pgf/basiclayer/pgfcoreimage.code.tex
File: pgfcoreimage.code.tex 2023-01-15 v3.1.10 (3.1.10)
) (c:/Users/izzyo/AppData/Local/TinyTeX/texmf-dist/tex/generic/pgf/basiclayer/pgfcoreexternal.code.tex
File: pgfcoreexternal.code.tex 2023-01-15 v3.1.10 (3.1.10)
\pgfexternal@startupbox=\box65
) (c:/Users/izzyo/AppData/Local/TinyTeX/texmf-dist/tex/generic/pgf/basiclayer/pgfcorelayers.code.tex
File: pgfcorelayers.code.tex 2023-01-15 v3.1.10 (3.1.10)
) (c:/Users/izzyo/AppData/Local/TinyTeX/texmf-dist/tex/generic/pgf/basiclayer/pgfcoretransparency.code.tex
File: pgfcoretransparency.code.tex 2023-01-15 v3.1.10 (3.1.10)
) (c:/Users/izzyo/AppData/Local/TinyTeX/texmf-dist/tex/generic/pgf/basiclayer/pgfcorepatterns.code.tex
File: pgfcorepatterns.code.tex 2023-01-15 v3.1.10 (3.1.10)
) (c:/Users/izzyo/AppData/Local/TinyTeX/texmf-dist/tex/generic/pgf/basiclayer/pgfcorerdf.code.tex
File: pgfcorerdf.code.tex 2023-01-15 v3.1.10 (3.1.10)
))) (c:/Users/izzyo/AppData/Local/TinyTeX/texmf-dist/tex/generic/pgf/modules/pgfmoduleshapes.code.tex
File: pgfmoduleshapes.code.tex 2023-01-15 v3.1.10 (3.1.10)
\pgfnodeparttextbox=\box66
) (c:/Users/izzyo/AppData/Local/TinyTeX/texmf-dist/tex/generic/pgf/modules/pgfmoduleplot.code.tex
File: pgfmoduleplot.code.tex 2023-01-15 v3.1.10 (3.1.10)
) (c:/Users/izzyo/AppData/Local/TinyTeX/texmf-dist/tex/latex/pgf/compatibility/pgfcomp-version-0-65.sty
Package: pgfcomp-version-0-65 2023-01-15 v3.1.10 (3.1.10)
\pgf@nodesepstart=\dimen288
\pgf@nodesepend=\dimen289
) (c:/Users/izzyo/AppData/Local/TinyTeX/texmf-dist/tex/latex/pgf/compatibility/pgfcomp-version-1-18.sty
Package: pgfcomp-version-1-18 2023-01-15 v3.1.10 (3.1.10)
)) (c:/Users/izzyo/AppData/Local/TinyTeX/texmf-dist/tex/latex/pgf/utilities/pgffor.sty (c:/Users/izzyo/AppData/Local/TinyTeX/texmf-dist/tex/latex/pgf/math/pgfmath.sty (c:/Users/izzyo/AppData/Local/TinyTeX/texmf-dist/tex/generic/pgf/math/pgfmath.code.tex)) (c:/Users/izzyo/AppData/Local/TinyTeX/texmf-dist/tex/generic/pgf/utilities/pgffor.code.tex
Package: pgffor 2023-01-15 v3.1.10 (3.1.10)
\pgffor@iter=\dimen290
\pgffor@skip=\dimen291
\pgffor@stack=\toks43
\pgffor@toks=\toks44
)) (c:/Users/izzyo/AppData/Local/TinyTeX/texmf-dist/tex/generic/pgf/frontendlayer/tikz/tikz.code.tex
Package: tikz 2023-01-15 v3.1.10 (3.1.10)
 (c:/Users/izzyo/AppData/Local/TinyTeX/texmf-dist/tex/generic/pgf/libraries/pgflibraryplothandlers.code.tex
File: pgflibraryplothandlers.code.tex 2023-01-15 v3.1.10 (3.1.10)
\pgf@plot@mark@count=\count330
\pgfplotmarksize=\dimen292
)
\tikz@lastx=\dimen293
\tikz@lasty=\dimen294
\tikz@lastxsaved=\dimen295
\tikz@lastysaved=\dimen296
\tikz@lastmovetox=\dimen297
\tikz@lastmovetoy=\dimen298
\tikzleveldistance=\dimen299
\tikzsiblingdistance=\dimen300
\tikz@figbox=\box67
\tikz@figbox@bg=\box68
\tikz@tempbox=\box69
\tikz@tempbox@bg=\box70
\tikztreelevel=\count331
\tikznumberofchildren=\count332
\tikznumberofcurrentchild=\count333
\tikz@fig@count=\count334
 (c:/Users/izzyo/AppData/Local/TinyTeX/texmf-dist/tex/generic/pgf/modules/pgfmodulematrix.code.tex
File: pgfmodulematrix.code.tex 2023-01-15 v3.1.10 (3.1.10)
\pgfmatrixcurrentrow=\count335
\pgfmatrixcurrentcolumn=\count336
\pgf@matrix@numberofcolumns=\count337
)
\tikz@expandcount=\count338
 (c:/Users/izzyo/AppData/Local/TinyTeX/texmf-dist/tex/generic/pgf/frontendlayer/tikz/libraries/tikzlibrarytopaths.code.tex
File: tikzlibrarytopaths.code.tex 2023-01-15 v3.1.10 (3.1.10)
))) (c:/Users/izzyo/AppData/Local/TinyTeX/texmf-dist/tex/generic/pgf/libraries/pgflibraryarrows.meta.code.tex
File: pgflibraryarrows.meta.code.tex 2023-01-15 v3.1.10 (3.1.10)
\pgfarrowinset=\dimen301
\pgfarrowlength=\dimen302
\pgfarrowwidth=\dimen303
\pgfarrowlinewidth=\dimen304
) (c:/Users/izzyo/AppData/Local/TinyTeX/texmf-dist/tex/generic/pgf/frontendlayer/tikz/libraries/graphs/tikzlibrarygraphs.code.tex
File: tikzlibrarygraphs.code.tex 2023-01-15 v3.1.10 (3.1.10)
\tikz@lib@auto@number=\count339
\tikz@qnode@count=\count340
) (c:/Users/izzyo/AppData/Local/TinyTeX/texmf-dist/tex/generic/pgf/frontendlayer/tikz/libraries/graphs/tikzlibrarygraphs.standard.code.tex
File: tikzlibrarygraphs.standard.code.tex 2023-01-15 v3.1.10 (3.1.10)
) (c:/Users/izzyo/AppData/Local/TinyTeX/texmf-dist/tex/latex/quiver/quiver.sty
Package: quiver 2021/01/11 quiver
 (c:/Users/izzyo/AppData/Local/TinyTeX/texmf-dist/tex/latex/tikz-cd/tikz-cd.sty
Package: tikz-cd 2021/05/04 v1.0 Commutative diagrams with TikZ
 (c:/Users/izzyo/AppData/Local/TinyTeX/texmf-dist/tex/generic/tikz-cd/tikzlibrarycd.code.tex (c:/Users/izzyo/AppData/Local/TinyTeX/texmf-dist/tex/generic/pgf/frontendlayer/tikz/libraries/tikzlibrarymatrix.code.tex
File: tikzlibrarymatrix.code.tex 2023-01-15 v3.1.10 (3.1.10)
) (c:/Users/izzyo/AppData/Local/TinyTeX/texmf-dist/tex/generic/pgf/frontendlayer/tikz/libraries/tikzlibraryquotes.code.tex
File: tikzlibraryquotes.code.tex 2023-01-15 v3.1.10 (3.1.10)
))) (c:/Users/izzyo/AppData/Local/TinyTeX/texmf-dist/tex/generic/pgf/frontendlayer/tikz/libraries/tikzlibrarycalc.code.tex
File: tikzlibrarycalc.code.tex 2023-01-15 v3.1.10 (3.1.10)
) (c:/Users/izzyo/AppData/Local/TinyTeX/texmf-dist/tex/generic/pgf/frontendlayer/tikz/libraries/tikzlibrarydecorations.pathmorphing.code.tex (c:/Users/izzyo/AppData/Local/TinyTeX/texmf-dist/tex/generic/pgf/frontendlayer/tikz/libraries/tikzlibrarydecorations.code.tex (c:/Users/izzyo/AppData/Local/TinyTeX/texmf-dist/tex/generic/pgf/modules/pgfmoduledecorations.code.tex
\pgfdecoratedcompleteddistance=\dimen305
\pgfdecoratedremainingdistance=\dimen306
\pgfdecoratedinputsegmentcompleteddistance=\dimen307
\pgfdecoratedinputsegmentremainingdistance=\dimen308
\pgf@decorate@distancetomove=\dimen309
\pgf@decorate@repeatstate=\count341
\pgfdecorationsegmentamplitude=\dimen310
\pgfdecorationsegmentlength=\dimen311
)
\tikz@lib@dec@box=\box71
) (c:/Users/izzyo/AppData/Local/TinyTeX/texmf-dist/tex/generic/pgf/libraries/decorations/pgflibrarydecorations.pathmorphing.code.tex))) (c:/Users/izzyo/AppData/Local/TinyTeX/texmf-dist/tex/latex/hyperref/hyperref.sty
Package: hyperref 2024-11-05 v7.01l Hypertext links for LaTeX
 (c:/Users/izzyo/AppData/Local/TinyTeX/texmf-dist/tex/latex/kvsetkeys/kvsetkeys.sty
Package: kvsetkeys 2022-10-05 v1.19 Key value parser (HO)
) (c:/Users/izzyo/AppData/Local/TinyTeX/texmf-dist/tex/generic/kvdefinekeys/kvdefinekeys.sty
Package: kvdefinekeys 2019-12-19 v1.6 Define keys (HO)
) (c:/Users/izzyo/AppData/Local/TinyTeX/texmf-dist/tex/generic/pdfescape/pdfescape.sty
Package: pdfescape 2019/12/09 v1.15 Implements pdfTeX's escape features (HO)
 (c:/Users/izzyo/AppData/Local/TinyTeX/texmf-dist/tex/generic/ltxcmds/ltxcmds.sty
Package: ltxcmds 2023-12-04 v1.26 LaTeX kernel commands for general use (HO)
) (c:/Users/izzyo/AppData/Local/TinyTeX/texmf-dist/tex/generic/pdftexcmds/pdftexcmds.sty
Package: pdftexcmds 2020-06-27 v0.33 Utility functions of pdfTeX for LuaTeX (HO)
Package pdftexcmds Info: \pdf@primitive is available.
Package pdftexcmds Info: \pdf@ifprimitive is available.
Package pdftexcmds Info: \pdfdraftmode found.
\pdftexcmds@toks=\toks45
))
(c:/Users/izzyo/AppData/Local/TinyTeX/texmf-dist/tex/latex/hycolor/hycolor.sty
Package: hycolor 2020-01-27 v1.10 Color options for hyperref/bookmark (HO)
) (c:/Users/izzyo/AppData/Local/TinyTeX/texmf-dist/tex/latex/hyperref/nameref.sty
Package: nameref 2023-11-26 v2.56 Cross-referencing by name of section
 (c:/Users/izzyo/AppData/Local/TinyTeX/texmf-dist/tex/latex/refcount/refcount.sty
Package: refcount 2019/12/15 v3.6 Data extraction from label references (HO)
) (c:/Users/izzyo/AppData/Local/TinyTeX/texmf-dist/tex/generic/gettitlestring/gettitlestring.sty
Package: gettitlestring 2019/12/15 v1.6 Cleanup title references (HO)
 (c:/Users/izzyo/AppData/Local/TinyTeX/texmf-dist/tex/latex/kvoptions/kvoptions.sty
Package: kvoptions 2022-06-15 v3.15 Key value format for package options (HO)
))
\c@section@level=\count342
) (c:/Users/izzyo/AppData/Local/TinyTeX/texmf-dist/tex/generic/stringenc/stringenc.sty
Package: stringenc 2019/11/29 v1.12 Convert strings between diff. encodings (HO)
)
\@linkdim=\dimen312
\Hy@linkcounter=\count343
\Hy@pagecounter=\count344
 (c:/Users/izzyo/AppData/Local/TinyTeX/texmf-dist/tex/latex/hyperref/pd1enc.def
File: pd1enc.def 2024-11-05 v7.01l Hyperref: PDFDocEncoding definition (HO)
) (c:/Users/izzyo/AppData/Local/TinyTeX/texmf-dist/tex/generic/intcalc/intcalc.sty
Package: intcalc 2019/12/15 v1.3 Expandable calculations with integers (HO)
)
\Hy@SavedSpaceFactor=\count345
 (c:/Users/izzyo/AppData/Local/TinyTeX/texmf-dist/tex/latex/hyperref/puenc.def
File: puenc.def 2024-11-05 v7.01l Hyperref: PDF Unicode definition (HO)
)
Package hyperref Info: Hyper figures OFF on input line 4157.
Package hyperref Info: Link nesting OFF on input line 4162.
Package hyperref Info: Hyper index ON on input line 4165.
Package hyperref Info: Plain pages OFF on input line 4172.
Package hyperref Info: Backreferencing OFF on input line 4177.
Package hyperref Info: Implicit mode ON; LaTeX internals redefined.
Package hyperref Info: Bookmarks ON on input line 4424.
\c@Hy@tempcnt=\count346
 (c:/Users/izzyo/AppData/Local/TinyTeX/texmf-dist/tex/latex/url/url.sty
\Urlmuskip=\muskip20
Package: url 2013/09/16  ver 3.4  Verb mode for urls, etc.
)
LaTeX Info: Redefining \url on input line 4763.
\XeTeXLinkMargin=\dimen313
 (c:/Users/izzyo/AppData/Local/TinyTeX/texmf-dist/tex/generic/bitset/bitset.sty
Package: bitset 2019/12/09 v1.3 Handle bit-vector datatype (HO)
 (c:/Users/izzyo/AppData/Local/TinyTeX/texmf-dist/tex/generic/bigintcalc/bigintcalc.sty
Package: bigintcalc 2019/12/15 v1.5 Expandable calculations on big integers (HO)
))
\Fld@menulength=\count347
\Field@Width=\dimen314
\Fld@charsize=\dimen315
Package hyperref Info: Hyper figures OFF on input line 6042.
Package hyperref Info: Link nesting OFF on input line 6047.
Package hyperref Info: Hyper index ON on input line 6050.
Package hyperref Info: backreferencing OFF on input line 6057.
Package hyperref Info: Link coloring OFF on input line 6062.
Package hyperref Info: Link coloring with OCG OFF on input line 6067.
Package hyperref Info: PDF/A mode OFF on input line 6072.
 (c:/Users/izzyo/AppData/Local/TinyTeX/texmf-dist/tex/latex/base/atbegshi-ltx.sty
Package: atbegshi-ltx 2021/01/10 v1.0c Emulation of the original atbegshi
package with kernel methods
)
\Hy@abspage=\count348
\c@Item=\count349
\c@Hfootnote=\count350
)
Package hyperref Info: Driver (autodetected): hluatex.
 (c:/Users/izzyo/AppData/Local/TinyTeX/texmf-dist/tex/latex/hyperref/hluatex.def
File: hluatex.def 2024-11-05 v7.01l Hyperref driver for luaTeX
 (c:/Users/izzyo/AppData/Local/TinyTeX/texmf-dist/tex/latex/base/atveryend-ltx.sty
Package: atveryend-ltx 2020/08/19 v1.0a Emulation of the original atveryend package
with kernel methods
)
\Fld@listcount=\count351
\c@bookmark@seq@number=\count352
 (c:/Users/izzyo/AppData/Local/TinyTeX/texmf-dist/tex/latex/rerunfilecheck/rerunfilecheck.sty
Package: rerunfilecheck 2022-07-10 v1.10 Rerun checks for auxiliary files (HO)
 (c:/Users/izzyo/AppData/Local/TinyTeX/texmf-dist/tex/generic/uniquecounter/uniquecounter.sty
Package: uniquecounter 2019/12/15 v1.4 Provide unlimited unique counter (HO)
)
Package uniquecounter Info: New unique counter `rerunfilecheck' on input line 285.
)
\Hy@SectionHShift=\skip63
)
luaotfload | cache : Lookup cache loaded from C:/Users/izzyo/AppData/Local/TinyTeX/texmf-var/luatex-cache/generic/names/luaotfload-lookup-cache.luc.

Package fontspec Info: 
(fontspec)             Font family 'Calibri(0)' created for font 'Calibri'
(fontspec)             with options [].
(fontspec)              
(fontspec)              This font family consists of the following NFSS
(fontspec)             series/shapes:
(fontspec)              
(fontspec)             - 'normal' (m/n) with NFSS spec.:
(fontspec)             <->"name:Calibri:mode=node;script=latn;language=dflt;"
(fontspec)             - 'small caps'  (m/sc) with NFSS spec.:
(fontspec)             <->"name:Calibri:mode=node;script=latn;language=dflt;+smcp;"
(fontspec)             - 'bold' (b/n) with NFSS spec.:
(fontspec)             <->"name:Calibri/B:mode=node;script=latn;language=dflt;"
(fontspec)             - 'bold small caps'  (b/sc) with NFSS spec.:
(fontspec)             <->"name:Calibri/B:mode=node;script=latn;language=dflt;+smcp;"
(fontspec)             - 'italic' (m/it) with NFSS spec.:
(fontspec)             <->"name:Calibri/I:mode=node;script=latn;language=dflt;"
(fontspec)             - 'italic small caps'  (m/scit) with NFSS spec.:
(fontspec)             <->"name:Calibri/I:mode=node;script=latn;language=dflt;+smcp;"
(fontspec)             - 'bold italic' (b/it) with NFSS spec.:
(fontspec)             <->"name:Calibri/BI:mode=node;script=latn;language=dflt;"
(fontspec)             - 'bold italic small caps'  (b/scit) with NFSS spec.:
(fontspec)             <->"name:Calibri/BI:mode=node;script=latn;language=dflt;+smcp;"

 ("./Math Journal.aux")
\openout1 = Math Journal.aux

LaTeX Font Info:    Checking defaults for OML/cmm/m/it on input line 352.
LaTeX Font Info:    ... okay on input line 352.
LaTeX Font Info:    Checking defaults for OMS/cmsy/m/n on input line 352.
LaTeX Font Info:    ... okay on input line 352.
LaTeX Font Info:    Checking defaults for OT1/cmr/m/n on input line 352.
LaTeX Font Info:    ... okay on input line 352.
LaTeX Font Info:    Checking defaults for T1/cmr/m/n on input line 352.
LaTeX Font Info:    ... okay on input line 352.
LaTeX Font Info:    Checking defaults for TS1/cmr/m/n on input line 352.
LaTeX Font Info:    ... okay on input line 352.
LaTeX Font Info:    Checking defaults for TU/lmr/m/n on input line 352.
LaTeX Font Info:    ... okay on input line 352.
LaTeX Font Info:    Checking defaults for OMX/cmex/m/n on input line 352.
LaTeX Font Info:    ... okay on input line 352.
LaTeX Font Info:    Checking defaults for U/cmr/m/n on input line 352.
LaTeX Font Info:    ... okay on input line 352.
LaTeX Font Info:    Checking defaults for PD1/pdf/m/n on input line 352.
LaTeX Font Info:    ... okay on input line 352.
LaTeX Font Info:    Checking defaults for PU/pdf/m/n on input line 352.
LaTeX Font Info:    ... okay on input line 352.

Package fontspec Info: 
(fontspec)             Adjusting the maths setup (use [no-math] to avoid
(fontspec)             this).

\symlegacymaths=\mathgroup10
LaTeX Font Info:    Overwriting symbol font `legacymaths' in version `bold'
(Font)                  OT1/cmr/m/n --> OT1/cmr/bx/n on input line 352.
LaTeX Font Info:    Redeclaring math accent \acute on input line 352.
LaTeX Font Info:    Redeclaring math accent \grave on input line 352.
LaTeX Font Info:    Redeclaring math accent \ddot on input line 352.
LaTeX Font Info:    Redeclaring math accent \tilde on input line 352.
LaTeX Font Info:    Redeclaring math accent \bar on input line 352.
LaTeX Font Info:    Redeclaring math accent \breve on input line 352.
LaTeX Font Info:    Redeclaring math accent \check on input line 352.
LaTeX Font Info:    Redeclaring math accent \hat on input line 352.
LaTeX Font Info:    Redeclaring math accent \dot on input line 352.
LaTeX Font Info:    Redeclaring math accent \mathring on input line 352.
LaTeX Font Info:    Redeclaring math symbol \Gamma on input line 352.
LaTeX Font Info:    Redeclaring math symbol \Delta on input line 352.
LaTeX Font Info:    Redeclaring math symbol \Theta on input line 352.
LaTeX Font Info:    Redeclaring math symbol \Lambda on input line 352.
LaTeX Font Info:    Redeclaring math symbol \Xi on input line 352.
LaTeX Font Info:    Redeclaring math symbol \Pi on input line 352.
LaTeX Font Info:    Redeclaring math symbol \Sigma on input line 352.
LaTeX Font Info:    Redeclaring math symbol \Upsilon on input line 352.
LaTeX Font Info:    Redeclaring math symbol \Phi on input line 352.
LaTeX Font Info:    Redeclaring math symbol \Psi on input line 352.
LaTeX Font Info:    Redeclaring math symbol \Omega on input line 352.
LaTeX Font Info:    Redeclaring math symbol \mathdollar on input line 352.
LaTeX Font Info:    Redeclaring symbol font `operators' on input line 352.
LaTeX Font Info:    Encoding `OT1' has changed to `TU' for symbol font
(Font)              `operators' in the math version `normal' on input line 352.
LaTeX Font Info:    Overwriting symbol font `operators' in version `normal'
(Font)                  OT1/cmr/m/n --> TU/lmr/m/n on input line 352.
LaTeX Font Info:    Encoding `OT1' has changed to `TU' for symbol font
(Font)              `operators' in the math version `bold' on input line 352.
LaTeX Font Info:    Overwriting symbol font `operators' in version `bold'
(Font)                  OT1/cmr/bx/n --> TU/lmr/m/n on input line 352.
LaTeX Font Info:    Overwriting symbol font `operators' in version `normal'
(Font)                  TU/lmr/m/n --> TU/lmr/m/n on input line 352.
LaTeX Font Info:    Overwriting math alphabet `\mathit' in version `normal'
(Font)                  OT1/cmr/m/it --> TU/lmr/m/it on input line 352.
LaTeX Font Info:    Overwriting math alphabet `\mathbf' in version `normal'
(Font)                  OT1/cmr/bx/n --> TU/lmr/b/n on input line 352.
LaTeX Font Info:    Overwriting math alphabet `\mathsf' in version `normal'
(Font)                  OT1/cmss/m/n --> TU/lmss/m/n on input line 352.
LaTeX Font Info:    Overwriting math alphabet `\mathtt' in version `normal'
(Font)                  OT1/cmtt/m/n --> TU/lmtt/m/n on input line 352.
LaTeX Font Info:    Overwriting symbol font `operators' in version `bold'
(Font)                  TU/lmr/m/n --> TU/lmr/b/n on input line 352.
LaTeX Font Info:    Overwriting math alphabet `\mathit' in version `bold'
(Font)                  OT1/cmr/bx/it --> TU/lmr/b/it on input line 352.
LaTeX Font Info:    Overwriting math alphabet `\mathsf' in version `bold'
(Font)                  OT1/cmss/bx/n --> TU/lmss/b/n on input line 352.
LaTeX Font Info:    Overwriting math alphabet `\mathtt' in version `bold'
(Font)                  OT1/cmtt/m/n --> TU/lmtt/b/n on input line 352.
 (c:/Users/izzyo/AppData/Local/TinyTeX/texmf-dist/tex/context/base/mkii/supp-pdf.mkii
[Loading MPS to PDF converter (version 2006.09.02).]
\scratchcounter=\count353
\scratchdimen=\dimen316
\scratchbox=\box72
\nofMPsegments=\count354
\nofMParguments=\count355
\everyMPshowfont=\toks46
\MPscratchCnt=\count356
\MPscratchDim=\dimen317
\MPnumerator=\count357
\makeMPintoPDFobject=\count358
\everyMPtoPDFconversion=\toks47
) (c:/Users/izzyo/AppData/Local/TinyTeX/texmf-dist/tex/latex/epstopdf-pkg/epstopdf-base.sty
Package: epstopdf-base 2020-01-24 v2.11 Base part for package epstopdf
Package epstopdf-base Info: Redefining graphics rule for `.eps' on input line 485.
 (c:/Users/izzyo/AppData/Local/TinyTeX/texmf-dist/tex/latex/latexconfig/epstopdf-sys.cfg
File: epstopdf-sys.cfg 2010/07/13 v1.3 Configuration of (r)epstopdf for TeX Live
))
*geometry* driver: auto-detecting
*geometry* detected driver: luatex
*geometry* verbose mode - [ preamble ] result:
* driver: luatex
* paper: <default>
* layout: <same size as paper>
* layoutoffset:(h,v)=(0.0pt,0.0pt)
* modes: twoside 
* h-part:(L,W,R)=(72.26999pt, 469.75502pt, 72.26999pt)
* v-part:(T,H,B)=(72.26999pt, 650.43001pt, 72.26999pt)
* \paperwidth=614.295pt
* \paperheight=794.96999pt
* \textwidth=469.75502pt
* \textheight=650.43001pt
* \oddsidemargin=0.0pt
* \evensidemargin=0.0pt
* \topmargin=-30.06749pt
* \headheight=12.0pt
* \headsep=18.06749pt
* \topskip=10.0pt
* \footskip=25.29494pt
* \marginparwidth=125.0pt
* \marginparsep=7.0pt
* \columnsep=10.0pt
* \skip\footins=9.0pt plus 4.0pt minus 2.0pt
* \hoffset=0.0pt
* \voffset=0.0pt
* \mag=1000
* \@twocolumnfalse
* \@twosidetrue
* \@mparswitchtrue
* \@reversemarginfalse
* (1in=72.27pt=25.4mm, 1cm=28.453pt)

Package hyperref Info: Link coloring OFF on input line 352.
("./Math Journal.out") ("./Math Journal.out")
\@outlinefile=\write4

\openout4 = Math Journal.out
LaTeX Font Info:    Trying to load font information for U+msa on input line 353.
 (c:/Users/izzyo/AppData/Local/TinyTeX/texmf-dist/tex/latex/amsfonts/umsa.fd
File: umsa.fd 2013/01/14 v3.01 AMS symbols A
)
LaTeX Font Info:    Trying to load font information for U+msb on input line 353.
 (c:/Users/izzyo/AppData/Local/TinyTeX/texmf-dist/tex/latex/amsfonts/umsb.fd
File: umsb.fd 2013/01/14 v3.01 AMS symbols B
)

[1


{c:/Users/izzyo/AppData/Local/TinyTeX/texmf-var/fonts/map/pdftex/updmap/pdftex.map}]
LaTeX Font Info:    Calculating math sizes for size <13> on input line 362.

Underfull \hbox (badness 10000) in paragraph at lines 366--367

 []


Underfull \hbox (badness 10000) in paragraph at lines 372--373

 []


Underfull \hbox (badness 10000) in paragraph at lines 377--378

 []



[2]
Underfull \hbox (badness 10000) in paragraph at lines 404--405

 []


Underfull \hbox (badness 10000) in paragraph at lines 413--414

 []


Underfull \hbox (badness 10000) in paragraph at lines 416--417

 []


Underfull \hbox (badness 10000) in paragraph at lines 437--438

 []


Underfull \hbox (badness 10000) in paragraph at lines 445--446

 []



[3]
Underfull \hbox (badness 10000) in paragraph at lines 472--473

 []



[4]

[5]

[6]
LaTeX Font Info:    Calculating math sizes for size <14> on input line 581.


[7]
Overfull \hbox (1.64076pt too wide) in paragraph at lines 651--651
[]\TU/Calibri(0)/m/n/13 (Fi-nite carte-sian prod-ucts of count-able sets and unions of count-ably many
 []



[8]

[9]

[10]
Underfull \hbox (badness 10000) in paragraph at lines 763--764

 []


Underfull \hbox (badness 10000) in paragraph at lines 776--777

 []


Underfull \hbox (badness 10000) in paragraph at lines 792--792

 []



[11]
Underfull \hbox (badness 10000) in paragraph at lines 817--818

 []


Underfull \hbox (badness 10000) in paragraph at lines 824--824

 []



[12]

[13]
Overfull \hbox (3.319pt too wide) in paragraph at lines 900--900
[]\TU/Calibri(0)/m/n/13 Let the set $\OML/cmm/m/it/12 A$ \TU/Calibri(0)/m/n/13 with the or-der re-la-tion $\OML/cmm/m/it/12 <$ \TU/Calibri(0)/m/n/13 be well-ordered. Then con-sider any nonempty
 []



[14]
Underfull \hbox (badness 10000) in paragraph at lines 966--966

 []

LaTeX Font Info:    Calculating math sizes for size <11> on input line 972.


[15]

[16]

[17]
Overfull \hbox (1.39854pt too wide) in paragraph at lines 1057--1058
[]\TU/Calibri(0)/m/n/14 Show that if $\OML/cmm/m/it/14.4 A$ \TU/Calibri(0)/m/n/14 is sim-ply or-dered and ev-ery count-able sub-set of $\OML/cmm/m/it/14.4 A$ \TU/Calibri(0)/m/n/14 is well-ordered,
 []


Underfull \hbox (badness 10000) in paragraph at lines 1076--1077

 []



[18]
Underfull \hbox (badness 10000) in paragraph at lines 1098--1099

 []


Underfull \hbox (badness 10000) in paragraph at lines 1103--1104

 []


Underfull \hbox (badness 10000) in paragraph at lines 1123--1124

 []



[19]
Underfull \hbox (badness 10000) in paragraph at lines 1147--1147

 []



[20]

[21]
Underfull \hbox (badness 10000) in paragraph at lines 1211--1211

 []


Underfull \hbox (badness 10000) in paragraph at lines 1221--1222

 []


Underfull \hbox (badness 10000) in paragraph at lines 1223--1224

 []


Underfull \hbox (badness 10000) in paragraph at lines 1225--1226

 []


Underfull \hbox (badness 10000) in paragraph at lines 1227--1228

 []


Underfull \hbox (badness 10000) in paragraph at lines 1229--1230

 []


Underfull \hbox (badness 10000) in paragraph at lines 1237--1237

 []



[22]

[23]
Underfull \hbox (badness 10000) in paragraph at lines 1292--1293

 []



[24]
Overfull \hbox (16.71478pt too wide) in paragraph at lines 1351--1352
[][]| 
 []


Overfull \hbox (2.31874pt too wide) in paragraph at lines 1332--1357
[][] 
 []


Overfull \hbox (2.31874pt too wide) in paragraph at lines 1332--1357
[] 
 []



[25]

[26]
Overfull \hbox (8.57065pt too wide) in paragraph at lines 1438--1438
[]\TU/Calibri(0)/b/n/14 Ex-er-cise 3: \TU/Calibri(0)/m/n/14 Let $\OML/cmm/m/it/14.4 J$ \TU/Calibri(0)/m/n/14 and $\OML/cmm/m/it/14.4 E$ \TU/Calibri(0)/m/n/14 be well-ordered sets, and sup-pose there is an order-preserving
 []



[27]

[28]

[29]
Underfull \hbox (badness 10000) in paragraph at lines 1548--1549

 []


Underfull \hbox (badness 10000) in paragraph at lines 1549--1550

 []


Underfull \hbox (badness 10000) in paragraph at lines 1560--1561

 []



[30]

[31]
Overfull \hbox (1.48154pt too wide) in paragraph at lines 1599--1599
[]\TU/Calibri(0)/b/n/14 Ex-er-cise 7: \TU/Calibri(0)/m/n/14 Use ex-er-cises 1-5 to prove that the choice ax-iom im-plies the well-ordering
 []



[32]
Underfull \hbox (badness 10000) in paragraph at lines 1653--1653

 []



[33]
Underfull \hbox (badness 10000) in paragraph at lines 1676--1676

 []



[34]
Underfull \hbox (badness 10000) in paragraph at lines 1712--1713

 []



[35]
Underfull \hbox (badness 10000) in paragraph at lines 1746--1747

 []


Underfull \hbox (badness 10000) in paragraph at lines 1752--1753

 []


Underfull \hbox (badness 10000) in paragraph at lines 1757--1758

 []



[36]
Underfull \hbox (badness 10000) in paragraph at lines 1808--1809

 []



[37]
Overfull \hbox (1.73958pt too wide) in paragraph at lines 1824--1824
[]\TU/Calibri(0)/m/n/13 Firstly, let $\OMS/cmsy/m/n/12 fT[]g[]$ \TU/Calibri(0)/m/n/13 be the col-lec-tion of all topolo-gies on $\OML/cmm/m/it/12 X$ \TU/Calibri(0)/m/n/13 which con-tain $[]  \OMS/cmsy/m/n/12 T[]$\TU/Calibri(0)/m/n/13 . 
 []



[38]
Underfull \hbox (badness 10000) in paragraph at lines 1868--1868

 []



[39]
Underfull \hbox (badness 10000) in paragraph at lines 1901--1901

 []



[40]
Underfull \hbox (badness 10000) in paragraph at lines 1980--1980

 []



[41]
Underfull \hbox (badness 10000) in paragraph at lines 1997--1997

 []


Underfull \hbox (badness 10000) in paragraph at lines 2026--2026

 []



[42]

[43]

[44]
Overfull \hbox (9.80591pt too wide) in paragraph at lines 2162--2166
 [][] 
 []


Overfull \hbox (1.72858pt too wide) in paragraph at lines 2175--2181
 [][] 
 []



[45]

[46]

[47]
Underfull \hbox (badness 10000) in paragraph at lines 2294--2295

 []


Underfull \hbox (badness 10000) in paragraph at lines 2298--2299

 []


Underfull \hbox (badness 10000) in paragraph at lines 2300--2301

 []


Underfull \hbox (badness 10000) in paragraph at lines 2312--2313

 []


Underfull \hbox (badness 10000) in paragraph at lines 2322--2323

 []



[48]
Underfull \hbox (badness 10000) in paragraph at lines 2339--2340

 []



[49]
Underfull \hbox (badness 10000) in paragraph at lines 2383--2384

 []

LaTeX Font Info:    Calculating math sizes for size <9.1> on input line 2386.


[50]
LaTeX Font Info:    Trying to load font information for U+euf on input line 2420.
 (c:/Users/izzyo/AppData/Local/TinyTeX/texmf-dist/tex/latex/amsfonts/ueuf.fd
File: ueuf.fd 2013/01/14 v3.01 Euler Fraktur
)

[51]

[52]
LaTeX Font Info:    Calculating math sizes for size <9.8> on input line 2475.


[53]

[54]

[55]
Underfull \hbox (badness 10000) in paragraph at lines 2635--2635

 []



[56]
Overfull \hbox (10.74573pt too wide) in paragraph at lines 2662--2663
[][]\TU/Calibri(0)/m/n/14 Lemma[] [][][]7.15:  If $\OML/cmm/m/it/14.4 I \OMS/cmsy/m/n/14.4 2 \OML/cmm/m/it/14.4 C[]\OT1/cmr/m/n/14.4 (\OML/cmm/m/it/14.4 X; \U/msb/m/n/14 R\OT1/cmr/m/n/14.4 )[]$\TU/Calibri(0)/m/n/14 , there ex-ists pos-i-tive func-tion-als $\OML/cmm/m/it/14.4 I[] \OMS/cmsy/m/n/14.4 2 \OML/cmm/m/it/14.4 C[]\OT1/cmr/m/n/14.4 (\OML/cmm/m/it/14.4 X; \U/msb/m/n/14 R\OT1/cmr/m/n/14.4 )[]$
 []


Overfull \hbox (8.19458pt too wide) in paragraph at lines 2670--2670
[]\TU/Calibri(0)/m/n/13 If $\OML/cmm/m/it/12 c \OMS/cmsy/m/n/12  \OT1/cmr/m/n/12 0$\TU/Calibri(0)/m/n/13 , then clearly $\OML/cmm/m/it/12 I[]\OT1/cmr/m/n/12 (\OML/cmm/m/it/12 cf\OT1/cmr/m/n/12 ) = \OML/cmm/m/it/12 cI[]\OT1/cmr/m/n/12 (\OML/cmm/m/it/12 f\OT1/cmr/m/n/12 )$\TU/Calibri(0)/m/n/13 . Mean-while, let $\OML/cmm/m/it/12 f[]; f[] \OMS/cmsy/m/n/12 2 \OML/cmm/m/it/12 C[]\OT1/cmr/m/n/12 (\OML/cmm/m/it/12 X; \OT1/cmr/m/n/12 [0\OML/cmm/m/it/12 ; \OMS/cmsy/m/n/12 1\OT1/cmr/m/n/12 ))$\TU/Calibri(0)/m/n/13 .
 []



[57]

[58]

[59]

[60]

[61]

[62]
Overfull \hbox (7.65912pt too wide) in paragraph at lines 2884--2885
[] \OT1/cmr/m/n/12 = ([])[](2(\OML/cmm/m/it/12 b \OMS/cmsy/m/n/12 ^^@ \OML/cmm/m/it/12 a\OT1/cmr/m/n/12 ))[] [][] \OMS/cmsy/m/n/12 j\OML/cmm/m/it/12 f[]\OT1/cmr/m/n/12 (\OML/cmm/m/it/12 y\OT1/cmr/m/n/12 )\OMS/cmsy/m/n/12 j[]\TU/lmr/m/n/12 d\OML/cmm/m/it/12 y \OT1/cmr/m/n/12 = 2(\OML/cmm/m/it/12 b \OMS/cmsy/m/n/12 ^^@ \OML/cmm/m/it/12 a\OT1/cmr/m/n/12 )([])[] [][] \OMS/cmsy/m/n/12 j\OML/cmm/m/it/12 f[]\OT1/cmr/m/n/12 (\OML/cmm/m/it/12 y\OT1/cmr/m/n/12 )\OMS/cmsy/m/n/12 j[]\TU/lmr/m/n/12 d\OML/cmm/m/it/12 y$\TU/Calibri(0)/m/n/12 . 
 []



[63]
Underfull \hbox (badness 10000) in paragraph at lines 2943--2944

 []


Underfull \hbox (badness 10000) in paragraph at lines 2945--2946

 []



[64]
Underfull \hbox (badness 10000) in paragraph at lines 2977--2978

 []


Overfull \hbox (18.75458pt too wide) in paragraph at lines 2979--2985
 [] 
 []



[65]
Overfull \hbox (15.76761pt too wide) in paragraph at lines 2997--2998
[]\TU/Calibri(0)/m/n/12 Now since $\OML/cmm/m/it/10.95 [] \OT1/cmr/m/n/10.95 = []$ \TU/Calibri(0)/m/n/12 for any $\OML/cmm/m/it/10.95 a \OMS/cmsy/m/n/10.95  \OT1/cmr/m/n/10.95 0$\TU/Calibri(0)/m/n/12 , we can see that: $\OMS/cmsy/m/n/10.95 F\OT1/cmr/m/n/10.95 ([]) = \OML/cmm/m/it/10.95 []\OT1/cmr/m/n/10.95 (\OML/cmm/m/it/10.95 \OT1/cmr/m/n/10.95 )$\TU/Calibri(0)/m/n/12 .
 []


Overfull \hbox (58.57614pt too wide) in paragraph at lines 3009--3013
 [][] 
 []

LaTeX Font Info:    Calculating math sizes for size <7.7> on input line 3029.


[66]
LaTeX Font Info:    Calculating math sizes for size <6.86> on input line 3044.

Overfull \hbox (14.23706pt too wide) in paragraph at lines 3076--3078
 [][] 
 []



[67]
Overfull \hbox (40.13235pt too wide) in paragraph at lines 3113--3116
 [][] 
 []



[68]
Overfull \hbox (28.60146pt too wide) in paragraph at lines 3165--3167
 [][] 
 []



[69]

[70]

[71]
Underfull \hbox (badness 10000) in paragraph at lines 3264--3266

 []


Overfull \hbox (13.04474pt too wide) in paragraph at lines 3271--3276
 [][] 
 []



[72]
Overfull \hbox (39.16766pt too wide) in paragraph at lines 3328--3330
 [][] 
 []



[73]

[74]
Underfull \hbox (badness 10000) in paragraph at lines 3376--3377

 []


Underfull \hbox (badness 10000) in paragraph at lines 3382--3383

 []


Underfull \hbox (badness 10000) in paragraph at lines 3386--3387

 []


Underfull \hbox (badness 10000) in paragraph at lines 3393--3394

 []


Underfull \hbox (badness 10000) in paragraph at lines 3401--3402

 []


Underfull \hbox (badness 10000) in paragraph at lines 3408--3409

 []



[75]
Underfull \hbox (badness 10000) in paragraph at lines 3422--3423

 []


Underfull \hbox (badness 10000) in paragraph at lines 3426--3427

 []


Underfull \hbox (badness 10000) in paragraph at lines 3435--3436

 []


Underfull \hbox (badness 10000) in paragraph at lines 3441--3442

 []



[76]
Overfull \hbox (26.58133pt too wide) in paragraph at lines 3468--3472
 [][] 
 []



[77]
Underfull \hbox (badness 10000) in paragraph at lines 3495--3496

 []


Underfull \hbox (badness 10000) in paragraph at lines 3506--3507

 []



[78]

[79]
Overfull \hbox (26.32874pt too wide) in paragraph at lines 3592--3595
 [][] 
 []


Underfull \hbox (badness 10000) in paragraph at lines 3607--3607

 []



[80]

[81]

[82]

[83]
Underfull \hbox (badness 10000) in paragraph at lines 3730--3731

 []


Underfull \hbox (badness 10000) in paragraph at lines 3733--3734

 []


Underfull \hbox (badness 10000) in paragraph at lines 3734--3735

 []



[84]

[85]

[86]
Overfull \hbox (20.05182pt too wide) in paragraph at lines 3874--3874
[]\TU/Calibri(0)/m/n/12 Side note: As a corol-lary, we now know that if two co-or-di-nate patches parametrize
 []



[87]
Underfull \hbox (badness 10000) in paragraph at lines 3889--3890

 []


Underfull \hbox (badness 10000) in paragraph at lines 3891--3892

 []


Underfull \hbox (badness 10000) in paragraph at lines 3892--3893

 []


Underfull \hbox (badness 10000) in paragraph at lines 3893--3894

 []



[88]

[89]
Underfull \hbox (badness 10000) in paragraph at lines 3954--3955

 []



[90]

[91]

[92]

[93]

[94]
Underfull \hbox (badness 10000) in paragraph at lines 4178--4178

 []



[95]
Overfull \hbox (22.5058pt too wide) in paragraph at lines 4202--4205
 [][] 
 []



[96]
Underfull \hbox (badness 10000) in paragraph at lines 4217--4218

 []



[97]

[98]
Underfull \hbox (badness 10000) in paragraph at lines 4294--4294

 []


Overfull \hbox (14.21292pt too wide) in paragraph at lines 4300--4303
 [][] 
 []



[99]
<./158_Images/Joel_Spencer_balancing_vectors.png, id=489, 367.3725pt x 48.78226pt>
File: ./158_Images/Joel_Spencer_balancing_vectors.png Graphic file (type png)
<use ./158_Images/Joel_Spencer_balancing_vectors.png>
Package luatex.def Info: ./158_Images/Joel_Spencer_balancing_vectors.png  used on input line 4320.
(luatex.def)             Requested size: 477.58417pt x 63.4169pt.

Overfull \hbox (7.82915pt too wide) in paragraph at lines 4320--4320
 [][] 
 []



[100<./158_Images/Joel_Spencer_balancing_vectors.png>]
Underfull \hbox (badness 10000) in paragraph at lines 4379--4380

 []



[101]
Underfull \hbox (badness 10000) in paragraph at lines 4415--4415

 []



[102]

[103]
Overfull \hbox (45.00766pt too wide) in paragraph at lines 4548--4556
 [][] 
 []



[104]
Overfull \hbox (11.14641pt too wide) in paragraph at lines 4584--4584
[]\TU/Calibri(0)/m/n/13 And since $[]\OT1/cmr/m/n/12 (\OML/cmm/m/it/12 \OT1/cmr/m/n/12 )[](\OML/cmm/m/it/12 T\OT1/cmr/m/n/12 ) = ([](\OML/cmm/m/it/12 T\OT1/cmr/m/n/12 ))[]$ \TU/Calibri(0)/m/n/13 by part (a), we know $[]\OT1/cmr/m/n/12 (\OML/cmm/m/it/12 T[]\OT1/cmr/m/n/12 ) = ([](\OML/cmm/m/it/12 T\OT1/cmr/m/n/12 ))[]$\TU/Calibri(0)/m/n/13 . 
 []



[105]

[106]

[107]

[108]
Overfull \hbox (23.98878pt too wide) in paragraph at lines 4778--4784
 [][] 
 []


Overfull \hbox (8.82454pt too wide) in paragraph at lines 4788--4790
 [][] 
 []


Overfull \hbox (31.7389pt too wide) in paragraph at lines 4794--4798
 [][] 
 []



[109]

[110]

[111]

[112]
Underfull \hbox (badness 10000) in paragraph at lines 4993--4994

 []


Underfull \hbox (badness 10000) in paragraph at lines 4995--4996

 []


Underfull \hbox (badness 10000) in paragraph at lines 4996--4997

 []



[113]
Overfull \hbox (29.41277pt too wide) in paragraph at lines 5042--5044
 [][] 
 []


Underfull \hbox (badness 10000) in paragraph at lines 5057--5058

 []


Overfull \hbox (7.59654pt too wide) in paragraph at lines 5059--5065
 [][] 
 []



[114]
Underfull \hbox (badness 10000) in paragraph at lines 5111--5111

 []



[115]
Underfull \hbox (badness 10000) in paragraph at lines 5189--5190

 []



[116]
Underfull \hbox (badness 10000) in paragraph at lines 5198--5199

 []



[117]

[118]
LaTeX Font Info:    Font shape `TU/lmss/b/n' in size <13> not available
(Font)              Font shape `TU/lmss/bx/n' tried instead on input line 5293.
LaTeX Font Info:    Font shape `TU/lmss/b/n' in size <9.09996> not available
(Font)              Font shape `TU/lmss/bx/n' tried instead on input line 5293.
LaTeX Font Info:    Font shape `TU/lmss/b/n' in size <6.5> not available
(Font)              Font shape `TU/lmss/bx/n' tried instead on input line 5293.


[119]
Underfull \hbox (badness 10000) in paragraph at lines 5321--5321

 []



[120]
Underfull \hbox (badness 10000) in paragraph at lines 5405--5405

 []



[121]

[122]

[123]

[124]

[125]

[126]

[127]

[128]
Underfull \hbox (badness 10000) in paragraph at lines 5655--5656

 []


Underfull \hbox (badness 10000) in paragraph at lines 5657--5658

 []


Underfull \hbox (badness 10000) in paragraph at lines 5658--5659

 []



[129]
Underfull \hbox (badness 10000) in paragraph at lines 5695--5695

 []



[130]

[131]
Underfull \hbox (badness 10000) in paragraph at lines 5767--5767

 []



[132]

[133]

[134]

[135]

[136]
Underfull \hbox (badness 10000) in paragraph at lines 5955--5955

 []



[137]

[138]
LaTeX Font Info:    Trying to load font information for U+eus on input line 6012.
 (c:/Users/izzyo/AppData/Local/TinyTeX/texmf-dist/tex/latex/amsfonts/ueus.fd
File: ueus.fd 2013/01/14 v3.01 Euler Script
)

[139]

[140]
Underfull \hbox (badness 10000) in paragraph at lines 6069--6069

 []



[141]

[142]

[143]
Underfull \hbox (badness 10000) in paragraph at lines 6153--6153

 []


Underfull \hbox (badness 10000) in paragraph at lines 6186--6186

 []



[144]

[145]

[146]

[147]
Underfull \hbox (badness 10000) in paragraph at lines 6300--6303

 []



[148]
Overfull \hbox (32.99379pt too wide) in paragraph at lines 6332--6335
[]$ $[] 
 []


Underfull \hbox (badness 10000) in paragraph at lines 6332--6335

 []


Overfull \hbox (24.87263pt too wide) in paragraph at lines 6336--6339
[]$ $[] 
 []


Underfull \hbox (badness 10000) in paragraph at lines 6336--6339

 []


Underfull \hbox (badness 10000) in paragraph at lines 6340--6341

 []


Underfull \hbox (badness 10000) in paragraph at lines 6342--6343

 []


Underfull \hbox (badness 10000) in paragraph at lines 6344--6345

 []



[149]

[150]
Underfull \hbox (badness 10000) in paragraph at lines 6421--6421

 []



[151]
Overfull \hbox (18.49638pt too wide) in paragraph at lines 6478--6479
[][]\TU/Calibri(0)/m/n/13 Propo[]-[]si[]-[]tion [][]1.8.7: If $\OML/cmm/m/it/12 A$ \TU/Calibri(0)/m/n/13 and $\OML/cmm/m/it/12 B$ \TU/Calibri(0)/m/n/13 are lin-ear map-pings of $\OML/cmm/m/it/12 V$ \TU/Calibri(0)/m/n/13 into $\OML/cmm/m/it/12 V$\TU/Calibri(0)/m/n/13 , then $[]\OT1/cmr/m/n/12 (\OML/cmm/m/it/12 AB\OT1/cmr/m/n/12 ) = [](\OML/cmm/m/it/12 A\OT1/cmr/m/n/12 ) [](\OML/cmm/m/it/12 B\OT1/cmr/m/n/12 )$\TU/Calibri(0)/m/n/13 . 
 []



[152]
Underfull \hbox (badness 10000) in paragraph at lines 6516--6517

 []


Overfull \hbox (3.54161pt too wide) in paragraph at lines 6518--6521
 [][] 
 []


Underfull \hbox (badness 10000) in paragraph at lines 6527--6528

 []


Overfull \hbox (45.6665pt too wide) in paragraph at lines 6529--6532
 [][] 
 []



[153]
Underfull \hbox (badness 10000) in paragraph at lines 6565--6565

 []



[154]
Underfull \hbox (badness 10000) in paragraph at lines 6571--6572

 []


Underfull \hbox (badness 10000) in paragraph at lines 6573--6574

 []


Underfull \hbox (badness 10000) in paragraph at lines 6574--6575

 []


Underfull \hbox (badness 10000) in paragraph at lines 6575--6576

 []


Underfull \hbox (badness 10000) in paragraph at lines 6576--6577

 []



[155]
Underfull \hbox (badness 10000) in paragraph at lines 6616--6617

 []



[156]
Underfull \hbox (badness 10000) in paragraph at lines 6677--6677

 []



[157]
Underfull \hbox (badness 10000) in paragraph at lines 6696--6696

 []



[158]
Underfull \hbox (badness 10000) in paragraph at lines 6718--6719

 []


Underfull \hbox (badness 10000) in paragraph at lines 6739--6740

 []



[159]

[160]

[161]
Underfull \hbox (badness 10000) in paragraph at lines 6822--6822

 []



[162]

[163]
Underfull \hbox (badness 10000) in paragraph at lines 6887--6887

 []

<./158_Images/A quote.png, id=760, 557.08125pt x 81.30376pt>
File: ./158_Images/A quote.png Graphic file (type png)
<use ./158_Images/A quote.png>
Package luatex.def Info: ./158_Images/A quote.png  used on input line 6891.
(luatex.def)             Requested size: 445.6656pt x 65.04308pt.


[164<./158_Images/A quote.png>]
Underfull \hbox (badness 10000) in paragraph at lines 6902--6902

 []



[165]
Underfull \hbox (badness 10000) in paragraph at lines 6931--6932

 []


Underfull \hbox (badness 10000) in paragraph at lines 6933--6934

 []


Underfull \hbox (badness 10000) in paragraph at lines 6934--6935

 []


Underfull \hbox (badness 10000) in paragraph at lines 6935--6936

 []


Underfull \hbox (badness 10000) in paragraph at lines 6936--6937

 []


Underfull \hbox (badness 10000) in paragraph at lines 6943--6943

 []



[166]
Underfull \hbox (badness 10000) in paragraph at lines 6975--6975

 []



[167]

[168]
Underfull \hbox (badness 10000) in paragraph at lines 7036--7036

 []



[169]
Underfull \hbox (badness 10000) in paragraph at lines 7061--7063

 []


Underfull \hbox (badness 10000) in paragraph at lines 7079--7080

 []



[170]

[171]

[172]
Underfull \hbox (badness 10000) in paragraph at lines 7162--7163

 []


Overfull \hbox (3.0968pt too wide) in paragraph at lines 7180--7187
 [] 
 []



[173]

[174]

[175]

[176]

[177]
Underfull \hbox (badness 10000) in paragraph at lines 7333--7333

 []


Underfull \hbox (badness 10000) in paragraph at lines 7360--7360

 []



[178]
Underfull \hbox (badness 10000) in paragraph at lines 7401--7402

 []



[179]

[180]
Underfull \hbox (badness 10000) in paragraph at lines 7477--7477

 []



[181]

[182]
Underfull \hbox (badness 10000) in paragraph at lines 7549--7550

 []


Underfull \hbox (badness 10000) in paragraph at lines 7553--7554

 []



[183]
Underfull \hbox (badness 10000) in paragraph at lines 7570--7571

 []



[184]
Underfull \hbox (badness 10000) in paragraph at lines 7616--7616

 []


Underfull \hbox (badness 10000) in paragraph at lines 7621--7622

 []


Underfull \hbox (badness 10000) in paragraph at lines 7639--7640

 []



[185]
Underfull \hbox (badness 10000) in paragraph at lines 7662--7663

 []


Underfull \hbox (badness 10000) in paragraph at lines 7670--7671

 []


Underfull \hbox (badness 10000) in paragraph at lines 7694--7694

 []


Underfull \hbox (badness 10000) in paragraph at lines 7695--7696

 []



[186]

[187]

[188]

[189]
Underfull \hbox (badness 10000) in paragraph at lines 7865--7865

 []



[190]
Underfull \hbox (badness 10000) in paragraph at lines 7900--7901

 []



[191]
<./158_Images/Folland_screenshot.png, id=893, 486.31688pt x 209.28188pt>
File: ./158_Images/Folland_screenshot.png Graphic file (type png)
<use ./158_Images/Folland_screenshot.png>
Package luatex.def Info: ./158_Images/Folland_screenshot.png  used on input line 7950.
(luatex.def)             Requested size: 466.86632pt x 200.91148pt.

Underfull \hbox (badness 10000) in paragraph at lines 7954--7955

 []



[192<./158_Images/Folland_screenshot.png>]

[193]
Underfull \hbox (badness 10000) in paragraph at lines 8035--8037

 []



[194]
Underfull \hbox (badness 10000) in paragraph at lines 8103--8105

 []


Overfull \hbox (2.74008pt too wide) in paragraph at lines 8106--8108
 [][] 
 []


Underfull \hbox (badness 10000) in paragraph at lines 8110--8111

 []



[195]
Underfull \hbox (badness 10000) in paragraph at lines 8155--8155

 []



[196]
Underfull \hbox (badness 10000) in paragraph at lines 8161--8162

 []


Overfull \hbox (2.99995pt too wide) in paragraph at lines 8163--8169
 [][] 
 []


Underfull \hbox (badness 10000) in paragraph at lines 8173--8174

 []


Overfull \hbox (28.23285pt too wide) in paragraph at lines 8175--8179
 [][] 
 []



[197]

[198]
Underfull \hbox (badness 10000) in paragraph at lines 8260--8261

 []


Overfull \hbox (5.07074pt too wide) in paragraph at lines 8276--8277
[]\TU/Calibri(0)/m/n/12 Thus $\OT1/cmr/m/n/12 (\OML/cmm/m/it/12 E\OT1/cmr/m/n/12 (\OMS/cmsy/m/n/12 j\OML/cmm/m/it/12 X[]\OMS/cmsy/m/n/12 j[]\OT1/cmr/m/n/12 ))[]$ \TU/Calibri(0)/m/n/12 is a se-quence bounded above by $\OML/cmm/m/it/12 C[]$\TU/Calibri(0)/m/n/12 , and since $\OML/cmm/m/it/12 E\OT1/cmr/m/n/12 (\OMS/cmsy/m/n/12 j\OML/cmm/m/it/12 X[]\OMS/cmsy/m/n/12 j[]\OT1/cmr/m/n/12 ) \OMS/cmsy/m/n/12 ! \OML/cmm/m/it/12 E\OT1/cmr/m/n/12 (\OMS/cmsy/m/n/12 j\OML/cmm/m/it/12 X\OMS/cmsy/m/n/12 j[]\OT1/cmr/m/n/12 )$\TU/Calibri(0)/m/n/12 ,
 []


Overfull \hbox (25.00241pt too wide) in paragraph at lines 8278--8284
 [][] 
 []


Underfull \hbox (badness 10000) in paragraph at lines 8300--8300

 []



[199]
Underfull \hbox (badness 10000) in paragraph at lines 8335--8335

 []



[200]
Underfull \hbox (badness 10000) in paragraph at lines 8392--8394

 []



[201]
Underfull \hbox (badness 10000) in paragraph at lines 8435--8437

 []



[202]
Overfull \hbox (10.27327pt too wide) in paragraph at lines 8450--8451
[]\TU/Calibri(0)/m/n/12 By the Borel-Cantelli lemma, we now know that $\OML/cmm/m/it/12 P\OT1/cmr/m/n/12 ([] \OML/cmm/m/it/12 A[]\OT1/cmr/m/n/12 ) = 0$\TU/Calibri(0)/m/n/12 . But note that $[] \OML/cmm/m/it/12 A[]$
 []


Overfull \hbox (17.8832pt too wide) in paragraph at lines 8467--8469
 [][] 
 []



[203]
Underfull \hbox (badness 10000) in paragraph at lines 8528--8530

 []


Underfull \hbox (badness 10000) in paragraph at lines 8545--8545

 []



[204]
Underfull \hbox (badness 10000) in paragraph at lines 8553--8554

 []



[205]
Underfull \hbox (badness 10000) in paragraph at lines 8597--8599

 []



[206]
Overfull \hbox (13.01895pt too wide) in paragraph at lines 8656--8666
 [][] 
 []



[207]
Overfull \hbox (2.921pt too wide) in paragraph at lines 8719--8727
 [][] 
 []



[208]

[209]

[210]
Underfull \hbox (badness 10000) in paragraph at lines 8858--8858

 []



[211]
Underfull \hbox (badness 10000) in paragraph at lines 8907--8908

 []


Underfull \hbox (badness 10000) in paragraph at lines 8922--8923

 []


Overfull \hbox (9.16292pt too wide) in paragraph at lines 8924--8926
 [][] 
 []


Overfull \hbox (7.95145pt too wide) in paragraph at lines 8933--8939
 [][] 
 []



[212]
Underfull \hbox (badness 10000) in paragraph at lines 8944--8944

 []



[213]
Underfull \hbox (badness 10000) in paragraph at lines 8975--8976

 []


Underfull \hbox (badness 10000) in paragraph at lines 8998--8999

 []



[214]
Underfull \hbox (badness 10000) in paragraph at lines 9020--9021

 []


Overfull \hbox (3.4335pt too wide) in paragraph at lines 9043--9043
[]\TU/Calibri(0)/m/n/12 And since $\OML/cmm/m/it/12 F$ \TU/Calibri(0)/m/n/12 is con-tin-u-ous, we can take $\OML/cmm/m/it/12 " \OMS/cmsy/m/n/12 ! \OT1/cmr/m/n/12 0$ \TU/Calibri(0)/m/n/12 and $\OML/cmm/m/it/12  \OMS/cmsy/m/n/12 ! \OT1/cmr/m/n/12 0$ \TU/Calibri(0)/m/n/12 to get that $\OML/cmm/m/it/12 F\OT1/cmr/m/n/12 (\OML/cmm/m/it/12 a\OT1/cmr/m/n/12 ) = [][] \OML/cmm/m/it/12 F[]\OT1/cmr/m/n/12 (\OML/cmm/m/it/12 a\OT1/cmr/m/n/12 )$\TU/Calibri(0)/m/n/12 .
 []


Underfull \hbox (badness 10000) in paragraph at lines 9047--9047

 []



[215]
Underfull \hbox (badness 10000) in paragraph at lines 9054--9055

 []



[216]
Underfull \hbox (badness 10000) in paragraph at lines 9130--9131

 []



[217]

[218]

[219]

[220]
Overfull \hbox (6.10078pt too wide) in paragraph at lines 9256--9257
[][]\TU/Calibri(0)/m/n/13 Lemma: Sup-pose $\OML/cmm/m/it/12 X; Y; Z$ \TU/Calibri(0)/m/n/13 are LCH spaces and $\OML/cmm/m/it/12 ; ; $ \TU/Calibri(0)/m/n/13 are $\OML/cmm/m/it/12 $\TU/Calibri(0)/m/n/13 -finite Radon mea-sures on $\OML/cmm/m/it/12 X; Y; Z$\TU/Calibri(0)/m/n/13 .
 []



[221]
Underfull \hbox (badness 10000) in paragraph at lines 9312--9313

 []



[222]

[223]
Underfull \hbox (badness 10000) in paragraph at lines 9359--9359

 []


Underfull \hbox (badness 10000) in paragraph at lines 9368--9369

 []



[224]

[225]
Underfull \hbox (badness 10000) in paragraph at lines 9435--9435

 []


Underfull \hbox (badness 10000) in paragraph at lines 9441--9442

 []



[226]
Underfull \hbox (badness 10000) in paragraph at lines 9457--9458

 []


Overfull \hbox (43.23686pt too wide) in paragraph at lines 9459--9471
 [][] 
 []



[227]
Underfull \hbox (badness 10000) in paragraph at lines 9506--9506

 []



[228]
Underfull \hbox (badness 10000) in paragraph at lines 9520--9520

 []



[229]
Overfull \hbox (1.88423pt too wide) in paragraph at lines 9583--9584
[][]\TU/Calibri(0)/m/n/12 Propo[]-[]si[]-[]tion: Sup-pose $[]$ is a topo-log-i-cal vec-tor space and $\OML/cmm/m/it/12 E \OMS/cmsy/m/n/12  []$ \TU/Calibri(0)/m/n/12 is bal-anced. Then $[]\OT1/cmr/m/n/12 (\OML/cmm/m/it/12 E\OT1/cmr/m/n/12 )$ 
 []



[230]

[231]

[232]
Overfull \hbox (19.2254pt too wide) in paragraph at lines 9700--9702
 [][] 
 []



[233]
Underfull \hbox (badness 10000) in paragraph at lines 9729--9730

 []



[234]
Underfull \hbox (badness 10000) in paragraph at lines 9765--9766

 []



[235]

[236]
Overfull \hbox (2.98787pt too wide) in paragraph at lines 9830--9831
\TU/Calibri(0)/m/n/12 If $\OML/cmm/m/it/12 q \OT1/cmr/m/n/12 = \OMS/cmsy/m/n/12 1$ \TU/Calibri(0)/m/n/12 then this is ob-vi-ous from the fact that $[]\OT1/cmr/m/n/12 (\OML/cmm/m/it/12 c[]; [] ; c[]\OT1/cmr/m/n/12 ) \OMS/cmsy/m/n/12  []\OT1/cmr/m/n/12 (\OML/cmm/m/it/12 d[]; [] ; d[]\OT1/cmr/m/n/12 )$\TU/Calibri(0)/m/n/12 .
 []



[237]
Underfull \hbox (badness 10000) in paragraph at lines 9864--9864

 []


Underfull \hbox (badness 10000) in paragraph at lines 9880--9881

 []



[238]
Underfull \hbox (badness 10000) in paragraph at lines 9929--9930

 []



[239
Missing character: There is no ; (U+003B) in font nullfont!
Missing character: There is no ; (U+003B) in font nullfont!
]
Underfull \hbox (badness 10000) in paragraph at lines 9938--9939

 []


Underfull \hbox (badness 10000) in paragraph at lines 9958--9958

 []



[240]
Underfull \hbox (badness 10000) in paragraph at lines 10004--10005

 []



[241]
Overfull \hbox (23.29988pt too wide) in paragraph at lines 10021--10033
 [][] 
 []


Overfull \hbox (3.06566pt too wide) in paragraph at lines 10051--10054
 [][] 
 []



[242]
Underfull \hbox (badness 10000) in paragraph at lines 10067--10068

 []


Overfull \hbox (35.74687pt too wide) in paragraph at lines 10071--10075
 [][] 
 []


Overfull \hbox (26.36497pt too wide) in paragraph at lines 10090--10091
[][][] 
 []


Underfull \hbox (badness 10000) in paragraph at lines 10103--10104

 []



[243]
Underfull \hbox (badness 10000) in paragraph at lines 10145--10145

 []


Underfull \hbox (badness 10000) in paragraph at lines 10148--10150

 []



[244]

[245]

[246]
Underfull \hbox (badness 10000) in paragraph at lines 10304--10304

 []



[247]
Overfull \hbox (3.01143pt too wide) in paragraph at lines 10326--10326
\OT1/cmr/m/n/12 [0\OML/cmm/m/it/12 ; \OT1/cmr/m/n/12 1]$ \TU/Calibri(0)/m/n/12 is com-pact, we can pick $\OT1/cmr/m/n/12 0 = \OML/cmm/m/it/12 t[] < t[] < [] < t[] \OT1/cmr/m/n/12 = 1$ \TU/Calibri(0)/m/n/12 such that $\OMS/cmsy/m/n/12 f\OML/cmm/m/it/12 B[]\OT1/cmr/m/n/12 (\OML/cmm/m/it/12 t[]\OT1/cmr/m/n/12 )\OMS/cmsy/m/n/12 g[]$ 
 []


Overfull \hbox (0.29193pt too wide) in paragraph at lines 10331--10331
[]\TU/Calibri(0)/m/n/12 For-tu-nately, note that $\OML/cmm/m/it/12 B[]\OT1/cmr/m/n/12 (\OML/cmm/m/it/12 t[]\OT1/cmr/m/n/12 )$ \TU/Calibri(0)/m/n/12 and $\OML/cmm/m/it/12 B[]\OT1/cmr/m/n/12 (\OML/cmm/m/it/12 t[]\OT1/cmr/m/n/12 )$ \TU/Calibri(0)/m/n/12 are two open sets which cover
 []



[248]

[249]
Underfull \hbox (badness 10000) in paragraph at lines 10397--10397

 []



[250]
Underfull \hbox (badness 10000) in paragraph at lines 10429--10430

 []


Underfull \hbox (badness 10000) in paragraph at lines 10436--10437

 []



[251]
Underfull \hbox (badness 10000) in paragraph at lines 10470--10470

 []


Underfull \hbox (badness 10000) in paragraph at lines 10475--10476

 []



[252]

[253]
<./158_Images/imo_problem_hyperbola.png, id=1250, 457.71pt x 258.9675pt>
File: ./158_Images/imo_problem_hyperbola.png Graphic file (type png)
<use ./158_Images/imo_problem_hyperbola.png>
Package luatex.def Info: ./158_Images/imo_problem_hyperbola.png  used on input line 10515.
(luatex.def)             Requested size: 274.62813pt x 155.38168pt.

Underfull \hbox (badness 10000) in paragraph at lines 10520--10520

 []


Underfull \hbox (badness 10000) in paragraph at lines 10541--10542

 []


Underfull \hbox (badness 10000) in paragraph at lines 10552--10552

 []



[254<./158_Images/imo_problem_hyperbola.png>]
Underfull \hbox (badness 10000) in paragraph at lines 10558--10558

 []


Underfull \hbox (badness 10000) in paragraph at lines 10577--10578

 []



[255]
Overfull \hbox (2.46005pt too wide) in paragraph at lines 10597--10599
 [][] 
 []

<./158_Images/Ladder_HW1_math220a.png, id=1264, 118.94438pt x 448.67625pt>
File: ./158_Images/Ladder_HW1_math220a.png Graphic file (type png)
<use ./158_Images/Ladder_HW1_math220a.png>
Package luatex.def Info: ./158_Images/Ladder_HW1_math220a.png  used on input line 10604.
(luatex.def)             Requested size: 41.63115pt x 157.03903pt.

Overfull \hbox (42.86496pt too wide) in paragraph at lines 10603--10608
[][] 
 []


Underfull \hbox (badness 10000) in paragraph at lines 10612--10612

 []


Underfull \hbox (badness 10000) in paragraph at lines 10627--10628

 []



[256<./158_Images/Ladder_HW1_math220a.png>]
Underfull \hbox (badness 10000) in paragraph at lines 10637--10638

 []


Underfull \hbox (badness 10000) in paragraph at lines 10674--10675

 []



[257]
Underfull \hbox (badness 10000) in paragraph at lines 10711--10711

 []



[258
Missing character: There is no ; (U+003B) in font nullfont!
Missing character: There is no ; (U+003B) in font nullfont!
]
Underfull \hbox (badness 10000) in paragraph at lines 10774--10776

 []


Underfull \hbox (badness 10000) in paragraph at lines 10777--10778

 []


Underfull \hbox (badness 10000) in paragraph at lines 10783--10784

 []



[259]

[260]

[261]
Underfull \hbox (badness 10000) in paragraph at lines 10872--10873

 []


Underfull \hbox (badness 10000) in paragraph at lines 10877--10878

 []



[262]
Underfull \hbox (badness 10000) in paragraph at lines 10904--10904

 []


Underfull \hbox (badness 10000) in paragraph at lines 10935--10935

 []



[263]
Underfull \hbox (badness 10000) in paragraph at lines 10961--10961

 []



[264]
Overfull \hbox (8.36497pt too wide) in paragraph at lines 10990--10996
[][][] 
 []



[265]
Underfull \hbox (badness 10000) in paragraph at lines 11044--11045

 []


Overfull \hbox (23.06447pt too wide) in paragraph at lines 11046--11058
 [][] 
 []


Underfull \hbox (badness 10000) in paragraph at lines 11073--11073

 []



[266]

[267]
Underfull \hbox (badness 10000) in paragraph at lines 11145--11147

 []


Underfull \hbox (badness 10000) in paragraph at lines 11163--11163

 []



[268]
Underfull \hbox (badness 10000) in paragraph at lines 11213--11213

 []



[269]
Underfull \hbox (badness 10000) in paragraph at lines 11279--11279

 []



[270]
Underfull \hbox (badness 10000) in paragraph at lines 11294--11294

 []



[271]
Underfull \hbox (badness 10000) in paragraph at lines 11351--11351

 []


Overfull \hbox (8.36497pt too wide) in paragraph at lines 11370--11378
[][][] 
 []


Underfull \hbox (badness 10000) in paragraph at lines 11381--11381

 []



[272]
Underfull \hbox (badness 10000) in paragraph at lines 11409--11409

 []



[273]
Underfull \hbox (badness 10000) in paragraph at lines 11450--11450

 []



[274]
<./158_Images/HW2_1_math220a.png, id=1373, 536.60475pt x 400.49625pt>
File: ./158_Images/HW2_1_math220a.png Graphic file (type png)
<use ./158_Images/HW2_1_math220a.png>
Package luatex.def Info: ./158_Images/HW2_1_math220a.png  used on input line 11469.
(luatex.def)             Requested size: 289.76224pt x 216.26476pt.

Overfull \hbox (22.36346pt too wide) in paragraph at lines 11469--11469
 [][] 
 []

<./158_Images/HW2_2_math220a.png, id=1374, 392.96812pt x 483.30562pt>
File: ./158_Images/HW2_2_math220a.png Graphic file (type png)
<use ./158_Images/HW2_2_math220a.png>
Package luatex.def Info: ./158_Images/HW2_2_math220a.png  used on input line 11469.
(luatex.def)             Requested size: 212.19962pt x 260.98114pt.

Overfull \hbox (65.04253pt too wide) in paragraph at lines 11468--11470
[] [] 
 []



[275<./158_Images/HW2_1_math220a.png><./158_Images/HW2_2_math220a.png>]

[276]
Underfull \hbox (badness 10000) in paragraph at lines 11549--11549

 []


Overfull \hbox (1.13351pt too wide) in paragraph at lines 11552--11553
\TU/Calibri(0)/m/n/13 continuous map-ping. Then de-fine $\OML/cmm/m/it/12 X \OT1/cmr/m/n/12 = \OML/cmm/m/it/12 Y \OMS/cmsy/m/n/12  \OML/cmm/m/it/12 K$ \TU/Calibri(0)/m/n/13 and $\OML/cmm/m/it/12 T[] \OT1/cmr/m/n/12 : \OML/cmm/m/it/12 X \OMS/cmsy/m/n/12 ! \OML/cmm/m/it/12 X$ \TU/Calibri(0)/m/n/13 by $\OML/cmm/m/it/12 T[]\OT1/cmr/m/n/12 (\OML/cmm/m/it/12 y; k\OT1/cmr/m/n/12 ) = (\OML/cmm/m/it/12 Ty;  \OT1/cmr/m/n/12 (\OML/cmm/m/it/12 y\OT1/cmr/m/n/12 )\OML/cmm/m/it/12 k\OT1/cmr/m/n/12 )$\TU/Calibri(0)/m/n/13 . 
 []



[277]

[278]
Overfull \hbox (9.58171pt too wide) in paragraph at lines 11619--11620
\TU/Calibri(0)/m/n/12 Suppose $\OML/cmm/m/it/12 z \OMS/cmsy/m/n/12 2 \OML/cmm/m/it/12 Q\OT1/cmr/m/n/12 (\OML/cmm/m/it/12 x\OT1/cmr/m/n/12 )$ \TU/Calibri(0)/m/n/12 and let $\OML/cmm/m/it/12 T[]x \OMS/cmsy/m/n/12 ! \OML/cmm/m/it/12 z$ \TU/Calibri(0)/m/n/12 Then $\OML/cmm/m/it/12 R\OT1/cmr/m/n/12 (\OML/cmm/m/it/12 z\OT1/cmr/m/n/12 ) = [][] \OML/cmm/m/it/12 R\OT1/cmr/m/n/12 (\OML/cmm/m/it/12 T[]x\OT1/cmr/m/n/12 ) = [][] \OML/cmm/m/it/12 T[]\OT1/cmr/m/n/12 (\OML/cmm/m/it/12 Rx\OT1/cmr/m/n/12 )$\TU/Calibri(0)/m/n/12 .
 []


Underfull \hbox (badness 10000) in paragraph at lines 11630--11632

 []



[279]
Overfull \hbox (35.58093pt too wide) in paragraph at lines 11665--11669
 [][] 
 []



[280]
Underfull \hbox (badness 10000) in paragraph at lines 11718--11718

 []


warning  (pdf backend): ignoring duplicate destination with the name 'Furstenberg\040confusion\0401'


[281]
Overfull \hbox (0.18083pt too wide) in paragraph at lines 11775--11776
[]\TU/Calibri(0)/m/n/12 Big O no-ta-tion. (2025, Septem-ber 9). In \TU/Calibri(0)/m/it/12 Wikipedia\TU/Calibri(0)/m/n/12 . https://en.wikipedia.org/w/in-dex.php?ti-
 []


Overfull \hbox (26.93591pt too wide) in paragraph at lines 11779--11780
\TU/Calibri(0)/m/n/12 2025, from https://www-users.cse.umn.edu/[]$\TU/lmtt/m/n/12 ~$[]\TU/Calibri(0)/m/n/12 gar-rett/m/fun/notes_2012-13/07b_seminorms.pdf 
 []



[282] ("./Math Journal.aux")
 ***********
LaTeX2e <2024-11-01> patch level 2
L3 programming layer <2025-01-18>
 ***********
Package rerunfilecheck Info: File `"Math Journal".out' has not changed.
(rerunfilecheck)             Checksum: <no file>.
)

Here is how much of LuaTeX's memory you used:
 30016 strings out of 475512
 125016,1373583 words of node,token memory allocated
 10173 words of node memory still in use:
   7 hlist, 2 vlist, 2 rule, 2 glue, 4 kern, 1 sub_mlist, 825 glyph, 973 attribute, 56 glue_spec, 973 attribute_list, 2 write, 3 pdf_action nodes
   avail lists: 1:9,2:1368,3:991,4:264,5:1872,6:51,7:7528,8:115,9:1358,10:16,11:350
 51887 multiletter control sequences out of 65536+600000
 1060 fonts using 129708551 bytes
 81i,24n,91p,1151b,1147s stack positions out of 10000i,1000n,20000p,200000b,200000s

warning  (pdf backend): unreferenced destination with name 'Ergodic\040reading\040group\040notes\0403'
<c:/Users/izzyo/AppData/Local/TinyTeX/texmf-dist/fonts/opentype/public/lm/lmmono12-regular.otf><c:/Users/izzyo/AppData/Local/TinyTeX/texmf-dist/fonts/opentype/public/lm/lmsans10-bold.otf><c:/Users/izzyo/AppData/Local/TinyTeX/texmf-dist/fonts/opentype/public/lm/lmsans9-regular.otf><c:/Users/izzyo/AppData/Local/TinyTeX/texmf-dist/fonts/opentype/public/lm/lmsans10-regular.otf><c:/Users/izzyo/AppData/Local/TinyTeX/texmf-dist/fonts/opentype/public/lm/lmroman7-regular.otf><c:/Users/izzyo/AppData/Local/TinyTeX/texmf-dist/fonts/opentype/public/lm/lmroman8-regular.otf><c:/Users/izzyo/AppData/Local/TinyTeX/texmf-dist/fonts/opentype/public/lm/lmroman9-regular.otf><c:/Users/izzyo/AppData/Local/TinyTeX/texmf-dist/fonts/opentype/public/lm/lmsans8-regular.otf><c:/Users/izzyo/AppData/Local/TinyTeX/texmf-dist/fonts/opentype/public/lm/lmromandemi10-regular.otf><c:/Windows/Fonts/calibrib.ttf><c:/Windows/Fonts/calibrii.ttf><c:/Windows/Fonts/calibri.ttf><c:/Users/izzyo/AppData/Local/TinyTeX/texmf-dist/fonts/opentype/public/lm/lmroman10-regular.otf><c:/Users/izzyo/AppData/Local/TinyTeX/texmf-dist/fonts/opentype/public/lm/lmroman12-regular.otf><c:/Users/izzyo/AppData/Local/TinyTeX/texmf-dist/fonts/opentype/public/lm/lmroman17-regular.otf><c:/Users/izzyo/AppData/Local/TinyTeX/texmf-dist/fonts/type1/public/amsfonts/cm/cmex10.pfb><c:/Users/izzyo/AppData/Local/TinyTeX/texmf-dist/fonts/type1/public/amsfonts/cmextra/cmex8.pfb><c:/Users/izzyo/AppData/Local/TinyTeX/texmf-dist/fonts/type1/public/amsfonts/cm/cmmi10.pfb><c:/Users/izzyo/AppData/Local/TinyTeX/texmf-dist/fonts/type1/public/amsfonts/cm/cmmi12.pfb><c:/Users/izzyo/AppData/Local/TinyTeX/texmf-dist/fonts/type1/public/amsfonts/cm/cmmi5.pfb><c:/Users/izzyo/AppData/Local/TinyTeX/texmf-dist/fonts/type1/public/amsfonts/cm/cmmi6.pfb><c:/Users/izzyo/AppData/Local/TinyTeX/texmf-dist/fonts/type1/public/amsfonts/cm/cmmi7.pfb><c:/Users/izzyo/AppData/Local/TinyTeX/texmf-dist/fonts/type1/public/amsfonts/cm/cmmi8.pfb><c:/Users/izzyo/AppData/Local/TinyTeX/texmf-dist/fonts/type1/public/amsfonts/cm/cmmi9.pfb><c:/Users/izzyo/AppData/Local/TinyTeX/texmf-dist/fonts/type1/public/amsfonts/cm/cmmib10.pfb><c:/Users/izzyo/AppData/Local/TinyTeX/texmf-dist/fonts/type1/public/amsfonts/cmextra/cmmib9.pfb><c:/Users/izzyo/AppData/Local/TinyTeX/texmf-dist/fonts/type1/public/amsfonts/cm/cmr10.pfb><c:/Users/izzyo/AppData/Local/TinyTeX/texmf-dist/fonts/type1/public/amsfonts/cm/cmr12.pfb><c:/Users/izzyo/AppData/Local/TinyTeX/texmf-dist/fonts/type1/public/amsfonts/cm/cmr5.pfb><c:/Users/izzyo/AppData/Local/TinyTeX/texmf-dist/fonts/type1/public/amsfonts/cm/cmr6.pfb><c:/Users/izzyo/AppData/Local/TinyTeX/texmf-dist/fonts/type1/public/amsfonts/cm/cmr7.pfb><c:/Users/izzyo/AppData/Local/TinyTeX/texmf-dist/fonts/type1/public/amsfonts/cm/cmr8.pfb><c:/Users/izzyo/AppData/Local/TinyTeX/texmf-dist/fonts/type1/public/amsfonts/cm/cmr9.pfb><c:/Users/izzyo/AppData/Local/TinyTeX/texmf-dist/fonts/type1/public/amsfonts/cm/cmsy10.pfb><c:/Users/izzyo/AppData/Local/TinyTeX/texmf-dist/fonts/type1/public/amsfonts/cm/cmsy5.pfb><c:/Users/izzyo/AppData/Local/TinyTeX/texmf-dist/fonts/type1/public/amsfonts/cm/cmsy6.pfb><c:/Users/izzyo/AppData/Local/TinyTeX/texmf-dist/fonts/type1/public/amsfonts/cm/cmsy7.pfb><c:/Users/izzyo/AppData/Local/TinyTeX/texmf-dist/fonts/type1/public/amsfonts/cm/cmsy8.pfb><c:/Users/izzyo/AppData/Local/TinyTeX/texmf-dist/fonts/type1/public/amsfonts/cm/cmsy9.pfb><c:/Users/izzyo/AppData/Local/TinyTeX/texmf-dist/fonts/type1/public/amsfonts/euler/eufm10.pfb><c:/Users/izzyo/AppData/Local/TinyTeX/texmf-dist/fonts/type1/public/amsfonts/euler/eusm10.pfb><c:/Users/izzyo/AppData/Local/TinyTeX/texmf-dist/fonts/type1/public/amsfonts/symbols/msam10.pfb><c:/Users/izzyo/AppData/Local/TinyTeX/texmf-dist/fonts/type1/public/amsfonts/symbols/msbm10.pfb><c:/Users/izzyo/AppData/Local/TinyTeX/texmf-dist/fonts/type1/public/amsfonts/symbols/msbm7.pfb>
Output written on Math Journal.pdf (282 pages, 10120289 bytes).

PDF statistics: 1640 PDF objects out of 1728 (max. 8388607)
 1255 compressed objects within 13 object streams
 394 named destinations out of 1000 (max. 131072)
 16 words of extra memory for PDF output out of 10000 (max. 100000000)

